{"recorder_version":"31","session":"3f862af311c9","build":"193.6494.30","bucket":"126","time":1582737237414,"group":{"id":"settings","version":"4"},"event":{"state":true,"data":{"component":"UISettings","created":1582737239001},"id":"invoked"}}
{"recorder_version":"31","session":"3f862af311c9","build":"193.6494.30","bucket":"126","time":1582737237416,"group":{"id":"settings","version":"4"},"event":{"state":true,"data":{"component":"NotRoamableUiSettings","created":1582737239023},"id":"invoked"}}
{"recorder_version":"31","session":"3f862af311c9","build":"193.6494.30","bucket":"126","time":1582737237466,"group":{"id":"system.java","version":"1"},"event":{"state":true,"data":{"created":1582737239066,"version":"validation.undefined_rule"},"id":"validation.undefined_rule"}}
{"recorder_version":"31","session":"3f862af311c9","build":"193.6494.30","bucket":"126","time":1582737237466,"group":{"id":"system.java","version":"1"},"event":{"state":true,"data":{"created":1582737239067},"id":"invoked"}}
{"recorder_version":"31","session":"3f862af311c9","build":"193.6494.30","bucket":"126","time":1582737237683,"group":{"id":"system.os","version":"3"},"event":{"state":true,"data":{"release":"linuxmint","created":1582737239069,"version":"19.3"},"id":"Linux"}}
{"recorder_version":"31","session":"3f862af311c9","build":"193.6494.30","bucket":"126","time":1582737237683,"group":{"id":"system.os","version":"3"},"event":{"state":true,"data":{"release":"linuxmint","created":1582737239071,"name":"Linux","version":"19.3"},"id":"os.name"}}
{"recorder_version":"31","session":"3f862af311c9","build":"193.6494.30","bucket":"126","time":1582737237683,"group":{"id":"system.os","version":"3"},"event":{"state":true,"data":{"created":1582737239073,"value":"Z"},"id":"os.timezone"}}
{"recorder_version":"31","session":"3f862af311c9","build":"193.6494.30","bucket":"126","time":1582737237683,"group":{"id":"system.os","version":"3"},"event":{"state":true,"data":{"created":1582737239081},"id":"invoked"}}
{"recorder_version":"31","session":"3f862af311c9","build":"193.6494.30","bucket":"126","time":1582737238475,"group":{"id":"settings","version":"4"},"event":{"state":true,"data":{"component":"UpdatesConfigurable","created":1582737239082,"name":"lastTimeChecked","type":"int","value":1582658282167},"id":"not.default"}}
{"recorder_version":"31","session":"3f862af311c9","build":"193.6494.30","bucket":"126","time":1582737238475,"group":{"id":"settings","version":"4"},"event":{"state":true,"data":{"component":"UpdatesConfigurable","created":1582737239084,"name":"thirdPartyPluginsAllowed","type":"bool","value":true},"id":"not.default"}}
{"recorder_version":"31","session":"3f862af311c9","build":"193.6494.30","bucket":"126","time":1582737238475,"group":{"id":"settings","version":"4"},"event":{"state":true,"data":{"component":"UpdatesConfigurable","created":1582737239085},"id":"invoked"}}
{"recorder_version":"31","session":"3f862af311c9","build":"193.6494.30","bucket":"126","time":1582737239000,"group":{"id":"event.log","version":"31"},"event":{"count":1,"data":{"created":1582737239095,"version":"1118.0"},"id":"whitelist.loaded"}}
{"recorder_version":"31","session":"3f862af311c9","build":"193.6494.30","bucket":"126","time":1582737241956,"group":{"id":"lifecycle","version":"31"},"event":{"count":1,"data":{"duration_ms":5684,"created":1582737241957,"duration_grouped":"5s"},"id":"ide.freeze"}}
{"recorder_version":"31","session":"3f862af311c9","build":"193.6494.30","bucket":"126","time":1582737241984,"group":{"id":"performance","version":"31"},"event":{"count":1,"data":{"duration_ms":4597,"created":1582737241989},"id":"ui.latency"}}
{"recorder_version":"31","session":"3f862af311c9","build":"193.6494.30","bucket":"126","time":1582737241985,"group":{"id":"performance","version":"31"},"event":{"count":1,"data":{"duration_ms":4597,"created":1582737241990},"id":"ui.lagging"}}
{"recorder_version":"31","session":"3f862af311c9","build":"193.6494.30","bucket":"126","time":1582737241989,"group":{"id":"performance","version":"31"},"event":{"count":1,"data":{"duration_ms":3591,"created":1582737241991},"id":"ui.lagging"}}
{"recorder_version":"31","session":"3f862af311c9","build":"193.6494.30","bucket":"126","time":1582737241991,"group":{"id":"performance","version":"31"},"event":{"count":1,"data":{"duration_ms":2593,"created":1582737241992},"id":"ui.lagging"}}
{"recorder_version":"31","session":"3f862af311c9","build":"193.6494.30","bucket":"126","time":1582737241992,"group":{"id":"performance","version":"31"},"event":{"count":1,"data":{"duration_ms":1592,"created":1582737241993},"id":"ui.lagging"}}
{"recorder_version":"31","session":"3f862af311c9","build":"193.6494.30","bucket":"126","time":1582737241992,"group":{"id":"performance","version":"31"},"event":{"count":1,"data":{"duration_ms":532,"created":1582737241994},"id":"ui.lagging"}}
{"recorder_version":"31","session":"3f862af311c9","build":"193.6494.30","bucket":"126","time":1582737242053,"group":{"id":"settings","version":"4"},"event":{"state":true,"data":{"component":"GeneralSettings","created":1582737242054},"id":"invoked"}}
{"recorder_version":"31","session":"3f862af311c9","build":"193.6494.30","bucket":"126","time":1582737242055,"group":{"id":"lifecycle","version":"31"},"event":{"count":1,"data":{"eap":false,"created":1582737242058},"id":"ide.start"}}
{"recorder_version":"31","session":"3f862af311c9","build":"193.6494.30","bucket":"126","time":1582737242339,"group":{"id":"settings","version":"4"},"event":{"state":true,"data":{"component":"XmlEditorOptions","created":1582737242340},"id":"invoked"}}
{"recorder_version":"31","session":"3f862af311c9","build":"193.6494.30","bucket":"126","time":1582737245099,"group":{"id":"performance","version":"31"},"event":{"count":1,"data":{"duration_ms":2638,"created":1582737245099},"id":"ui.lagging"}}
{"recorder_version":"31","session":"3f862af311c9","build":"193.6494.30","bucket":"126","time":1582737245104,"group":{"id":"performance","version":"31"},"event":{"count":1,"data":{"duration_ms":1642,"created":1582737245113},"id":"ui.lagging"}}
{"recorder_version":"31","session":"3f862af311c9","build":"193.6494.30","bucket":"126","time":1582737245131,"group":{"id":"performance","version":"31"},"event":{"count":1,"data":{"duration_ms":667,"created":1582737245131},"id":"ui.lagging"}}
{"recorder_version":"31","session":"3f862af311c9","build":"193.6494.30","bucket":"126","time":1582737245189,"group":{"id":"settings","version":"4"},"event":{"state":true,"data":{"component":"VcsApplicationSettings","created":1582737245189},"id":"invoked"}}
{"recorder_version":"31","session":"3f862af311c9","build":"193.6494.30","bucket":"126","time":1582737245189,"group":{"id":"lifecycle","version":"31"},"event":{"count":1,"data":{"created":1582737245190},"id":"frame.activated"}}
{"recorder_version":"31","session":"3f862af311c9","build":"193.6494.30","bucket":"126","time":1582737245541,"group":{"id":"ui.dialogs","version":"31"},"event":{"count":1,"data":{"created":1582737245541,"plugin_type":"PLATFORM","dialog_class":"com.intellij.openapi.progress.util.ProgressDialog$MyDialogWrapper"},"id":"show"}}
{"recorder_version":"31","session":"3f862af311c9","build":"193.6494.30","bucket":"126","time":1582737245892,"group":{"id":"performance","version":"31"},"event":{"count":1,"data":{"duration_ms":427,"created":1582737245894},"id":"ui.lagging"}}
{"recorder_version":"31","session":"3f862af311c9","build":"193.6494.30","bucket":"126","time":1582737247492,"group":{"id":"lifecycle","version":"31"},"event":{"count":1,"data":{"created":1582737247495},"id":"frame.deactivated"}}
{"recorder_version":"31","session":"3f862af311c9","build":"193.6494.30","bucket":"126","time":1582737252829,"group":{"id":"lifecycle","version":"31"},"event":{"count":1,"data":{"created":1582737252830,"project":"6c0b7fddf716c5e851d6291c8b99323912fae3f5a6721f2834464f0b509dd752"},"id":"project.opened"}}
{"recorder_version":"31","session":"3f862af311c9","build":"193.6494.30","bucket":"126","time":1582737253414,"group":{"id":"performance","version":"31"},"event":{"count":1,"data":{"duration_ms":1924,"created":1582737253415},"id":"ui.lagging"}}
{"recorder_version":"31","session":"3f862af311c9","build":"193.6494.30","bucket":"126","time":1582737253470,"group":{"id":"performance","version":"31"},"event":{"count":1,"data":{"duration_ms":979,"created":1582737253470},"id":"ui.lagging"}}
{"recorder_version":"31","session":"3f862af311c9","build":"193.6494.30","bucket":"126","time":1582737254448,"group":{"id":"indexing","version":"2"},"event":{"count":1,"data":{"ide_activity_id":1,"created":1582737254449,"project":"6c0b7fddf716c5e851d6291c8b99323912fae3f5a6721f2834464f0b509dd752"},"id":"started"}}
{"recorder_version":"31","session":"3f862af311c9","build":"193.6494.30","bucket":"126","time":1582737254505,"group":{"id":"indexing","version":"2"},"event":{"count":1,"data":{"ide_activity_id":1,"plugin":"PythonCore","stage_class":"com.jetbrains.python.psi.impl.PythonLanguageLevelPusher$1","created":1582737254506,"plugin_type":"JB_BUNDLED"},"id":"stage"}}
{"recorder_version":"31","session":"3f862af311c9","build":"193.6494.30","bucket":"126","time":1582737256985,"group":{"id":"performance","version":"31"},"event":{"count":1,"data":{"duration_ms":1484,"created":1582737256985},"id":"ui.lagging"}}
{"recorder_version":"31","session":"3f862af311c9","build":"193.6494.30","bucket":"126","time":1582737256987,"group":{"id":"indexing","version":"2"},"event":{"count":1,"data":{"ide_activity_id":1,"stage_class":"com.intellij.util.indexing.UnindexedFilesUpdater","created":1582737256987,"plugin_type":"PLATFORM"},"id":"stage"}}
{"recorder_version":"31","session":"3f862af311c9","build":"193.6494.30","bucket":"126","time":1582737257010,"group":{"id":"performance","version":"31"},"event":{"count":1,"data":{"duration_ms":508,"created":1582737257010},"id":"ui.lagging"}}
{"recorder_version":"31","session":"3f862af311c9","build":"193.6494.30","bucket":"126","time":1582737258262,"group":{"id":"performance","version":"31"},"event":{"count":1,"data":{"duration_ms":761,"created":1582737258263},"id":"ui.lagging"}}
{"recorder_version":"31","session":"3f862af311c9","build":"193.6494.30","bucket":"126","time":1582737260062,"group":{"id":"toolwindow","version":"31"},"event":{"count":2,"data":{"plugin":"org.jetbrains.plugins.terminal","last":1582737260852,"ViewMode":"Dock_Pinned","created":1582737260063,"plugin_type":"JB_BUNDLED","id":"Terminal","Location":"Bottom_Left"},"id":"activated"}}
{"recorder_version":"31","session":"3f862af311c9","build":"193.6494.30","bucket":"126","time":1582737264052,"group":{"id":"performance","version":"31"},"event":{"count":1,"data":{"duration_ms":4548,"created":1582737264052},"id":"ui.lagging"}}
{"recorder_version":"31","session":"3f862af311c9","build":"193.6494.30","bucket":"126","time":1582737264060,"group":{"id":"performance","version":"31"},"event":{"count":1,"data":{"duration_ms":3556,"created":1582737264060},"id":"ui.lagging"}}
{"recorder_version":"31","session":"3f862af311c9","build":"193.6494.30","bucket":"126","time":1582737264061,"group":{"id":"performance","version":"31"},"event":{"count":1,"data":{"duration_ms":2551,"created":1582737264061},"id":"ui.lagging"}}
{"recorder_version":"31","session":"3f862af311c9","build":"193.6494.30","bucket":"126","time":1582737264061,"group":{"id":"performance","version":"31"},"event":{"count":1,"data":{"duration_ms":1550,"created":1582737264062},"id":"ui.lagging"}}
{"recorder_version":"31","session":"3f862af311c9","build":"193.6494.30","bucket":"126","time":1582737264069,"group":{"id":"performance","version":"31"},"event":{"count":1,"data":{"duration_ms":558,"created":1582737264069},"id":"ui.lagging"}}
{"recorder_version":"31","session":"3f862af311c9","build":"193.6494.30","bucket":"126","time":1582737264136,"group":{"id":"ui.tips","version":"3"},"event":{"count":1,"data":{"created":1582737264136,"type":"automatically"},"id":"dialog.shown"}}
{"recorder_version":"31","session":"3f862af311c9","build":"193.6494.30","bucket":"126","time":1582737264453,"group":{"id":"ui.tips","version":"3"},"event":{"count":1,"data":{"feature_id":"no.feature.id","filename":"ClassNameCompletion.html","created":1582737264453,"plugin_type":"PLATFORM"},"id":"tip.shown"}}
{"recorder_version":"31","session":"3f862af311c9","build":"193.6494.30","bucket":"126","time":1582737264494,"group":{"id":"ui.dialogs","version":"31"},"event":{"count":1,"data":{"created":1582737264495,"plugin_type":"PLATFORM","dialog_class":"com.intellij.ide.util.TipDialog"},"id":"show"}}
{"recorder_version":"31","session":"3f862af311c9","build":"193.6494.30","bucket":"126","time":1582737264929,"group":{"id":"performance","version":"31"},"event":{"count":1,"data":{"duration_ms":416,"created":1582737264929},"id":"ui.lagging"}}
{"recorder_version":"31","session":"3f862af311c9","build":"193.6494.30","bucket":"126","time":1582737266097,"group":{"id":"lifecycle","version":"31"},"event":{"count":1,"data":{"created":1582737266098,"project":"6c0b7fddf716c5e851d6291c8b99323912fae3f5a6721f2834464f0b509dd752"},"id":"frame.activated"}}
{"recorder_version":"31","session":"3f862af311c9","build":"193.6494.30","bucket":"126","time":1582737266222,"group":{"id":"performance","version":"31"},"event":{"count":1,"data":{"duration_ms":706,"created":1582737266222},"id":"ui.lagging"}}
{"recorder_version":"31","session":"3f862af311c9","build":"193.6494.30","bucket":"126","time":1582737267305,"group":{"id":"lifecycle","version":"31"},"event":{"count":1,"data":{"created":1582737267305,"project":"6c0b7fddf716c5e851d6291c8b99323912fae3f5a6721f2834464f0b509dd752"},"id":"frame.deactivated"}}
{"recorder_version":"31","session":"3f862af311c9","build":"193.6494.30","bucket":"126","time":1582737267639,"group":{"id":"performance","version":"31"},"event":{"count":1,"data":{"duration_ms":121,"created":1582737267639},"id":"ui.lagging"}}
{"recorder_version":"31","session":"3f862af311c9","build":"193.6494.30","bucket":"126","time":1582737268108,"group":{"id":"project.fs","version":"1"},"event":{"state":true,"data":{"os":"Linux","cs-project":true,"created":1582737268108,"project":"6c0b7fddf716c5e851d6291c8b99323912fae3f5a6721f2834464f0b509dd752","cs-implicit":true,"cs-system":true},"id":"case-sensitivity"}}
{"recorder_version":"31","session":"3f862af311c9","build":"193.6494.30","bucket":"126","time":1582737268109,"group":{"id":"project.fs","version":"1"},"event":{"state":true,"data":{"created":1582737268109},"id":"invoked"}}
{"recorder_version":"31","session":"3f862af311c9","build":"193.6494.30","bucket":"126","time":1582737268111,"group":{"id":"project.fs","version":"1"},"event":{"state":true,"data":{"pct-non-watched":0,"created":1582737268112,"project":"6c0b7fddf716c5e851d6291c8b99323912fae3f5a6721f2834464f0b509dd752"},"id":"roots-watched"}}
{"recorder_version":"31","session":"3f862af311c9","build":"193.6494.30","bucket":"126","time":1582737268111,"group":{"id":"project.fs","version":"1"},"event":{"state":true,"data":{"created":1582737268112},"id":"invoked"}}
{"recorder_version":"31","session":"3f862af311c9","build":"193.6494.30","bucket":"126","time":1582737268642,"group":{"id":"vfs","version":"2"},"event":{"count":1,"data":{"duration_ms":1282,"finish_time_ms":1582737268638,"created":1582737268642,"start_time_ms":1582737267356},"id":"refreshed"}}
{"recorder_version":"31","session":"3f862af311c9","build":"193.6494.30","bucket":"126","time":1582737268741,"group":{"id":"performance","version":"31"},"event":{"count":1,"data":{"duration_ms":223,"created":1582737268742},"id":"ui.lagging"}}
{"recorder_version":"31","session":"3f862af311c9","build":"193.6494.30","bucket":"126","time":1582737268900,"group":{"id":"ui.dialogs","version":"31"},"event":{"count":1,"data":{"code":1,"created":1582737268901,"plugin_type":"PLATFORM","dialog_class":"com.intellij.openapi.progress.util.ProgressDialog$MyDialogWrapper"},"id":"close"}}
{"recorder_version":"31","session":"3f862af311c9","build":"193.6494.30","bucket":"126","time":1582737268914,"group":{"id":"terminalShell","version":"1"},"event":{"count":1,"data":{"os-version":"4.15","os":"Linux","shell":"zsh","created":1582737268919,"project":"6c0b7fddf716c5e851d6291c8b99323912fae3f5a6721f2834464f0b509dd752"},"id":"local.exec"}}
{"recorder_version":"31","session":"3f862af311c9","build":"193.6494.30","bucket":"126","time":1582737270520,"group":{"id":"lifecycle","version":"31"},"event":{"count":1,"data":{"duration_ms":28155,"created":1582737270520,"project":"6c0b7fddf716c5e851d6291c8b99323912fae3f5a6721f2834464f0b509dd752"},"id":"project.opening.finished"}}
{"recorder_version":"31","session":"3f862af311c9","build":"193.6494.30","bucket":"126","time":1582737271058,"group":{"id":"performance","version":"31"},"event":{"count":1,"data":{"duration_ms":534,"created":1582737271058},"id":"ui.lagging"}}
{"recorder_version":"31","session":"3f862af311c9","build":"193.6494.30","bucket":"126","time":1582737271666,"group":{"id":"performance","version":"31"},"event":{"count":1,"data":{"duration_ms":143,"created":1582737271667},"id":"ui.lagging"}}
{"recorder_version":"31","session":"3f862af311c9","build":"193.6494.30","bucket":"126","time":1582737272677,"group":{"id":"performance","version":"31"},"event":{"count":1,"data":{"duration_ms":153,"created":1582737272678},"id":"ui.lagging"}}
{"recorder_version":"31","session":"3f862af311c9","build":"193.6494.30","bucket":"126","time":1582737273349,"group":{"id":"lifecycle","version":"31"},"event":{"count":1,"data":{"created":1582737273349,"project":"6c0b7fddf716c5e851d6291c8b99323912fae3f5a6721f2834464f0b509dd752"},"id":"frame.activated"}}
{"recorder_version":"31","session":"3f862af311c9","build":"193.6494.30","bucket":"126","time":1582737276599,"group":{"id":"startup","version":"1"},"event":{"count":1,"data":{"duration":9446,"created":1582737276600},"id":"appInit"}}
{"recorder_version":"31","session":"3f862af311c9","build":"193.6494.30","bucket":"126","time":1582737276600,"group":{"id":"startup","version":"1"},"event":{"count":1,"data":{"duration":707,"created":1582737276601},"id":"splash"}}
{"recorder_version":"31","session":"3f862af311c9","build":"193.6494.30","bucket":"126","time":1582737276600,"group":{"id":"startup","version":"1"},"event":{"count":1,"data":{"duration":1628,"created":1582737276601},"id":"bootstrap"}}
{"recorder_version":"31","session":"3f862af311c9","build":"193.6494.30","bucket":"126","time":1582737276600,"group":{"id":"startup","version":"1"},"event":{"count":1,"data":{"duration":32325,"created":1582737276601},"id":"totalDuration"}}
{"recorder_version":"31","session":"3f862af311c9","build":"193.6494.30","bucket":"126","time":1582737276615,"group":{"id":"indexing","version":"2"},"event":{"count":1,"data":{"ide_activity_id":1,"stage_class":"com.intellij.util.indexing.FileBasedIndexProjectHandler$4","created":1582737276619,"plugin_type":"PLATFORM"},"id":"stage"}}
{"recorder_version":"31","session":"3f862af311c9","build":"193.6494.30","bucket":"126","time":1582737276852,"group":{"id":"indexing","version":"2"},"event":{"count":1,"data":{"duration_ms":22404,"ide_activity_id":1,"created":1582737276857},"id":"finished"}}
{"recorder_version":"31","session":"3f862af311c9","build":"193.6494.30","bucket":"126","time":1582737277435,"group":{"id":"ui.dialogs","version":"31"},"event":{"count":1,"data":{"code":1,"created":1582737277436,"plugin_type":"PLATFORM","dialog_class":"com.intellij.ide.util.TipDialog"},"id":"close"}}
{"recorder_version":"31","session":"3f862af311c9","build":"193.6494.30","bucket":"126","time":1582737277621,"group":{"id":"lifecycle","version":"31"},"event":{"count":1,"data":{"created":1582737277621,"project":"6c0b7fddf716c5e851d6291c8b99323912fae3f5a6721f2834464f0b509dd752"},"id":"frame.deactivated"}}
{"recorder_version":"31","session":"3f862af311c9","build":"193.6494.30","bucket":"126","time":1582737277725,"group":{"id":"lifecycle","version":"31"},"event":{"count":1,"data":{"created":1582737277725,"project":"6c0b7fddf716c5e851d6291c8b99323912fae3f5a6721f2834464f0b509dd752"},"id":"frame.activated"}}
{"recorder_version":"31","session":"3f862af311c9","build":"193.6494.30","bucket":"126","time":1582737278804,"group":{"id":"performance","version":"31"},"event":{"count":1,"data":{"duration_ms":277,"created":1582737278805},"id":"ui.lagging"}}
{"recorder_version":"31","session":"3f862af311c9","build":"193.6494.30","bucket":"126","time":1582737280109,"group":{"id":"performance","version":"31"},"event":{"count":1,"data":{"duration_ms":582,"created":1582737280112},"id":"ui.lagging"}}
{"recorder_version":"31","session":"3f862af311c9","build":"193.6494.30","bucket":"126","time":1582737280603,"group":{"id":"lifecycle","version":"31"},"event":{"count":1,"data":{"created":1582737280603,"project":"6c0b7fddf716c5e851d6291c8b99323912fae3f5a6721f2834464f0b509dd752"},"id":"frame.deactivated"}}
{"recorder_version":"31","session":"3f862af311c9","build":"193.6494.30","bucket":"126","time":1582737313356,"group":{"id":"lifecycle","version":"31"},"event":{"count":1,"data":{"created":1582737313356,"project":"6c0b7fddf716c5e851d6291c8b99323912fae3f5a6721f2834464f0b509dd752"},"id":"frame.activated"}}
{"recorder_version":"31","session":"3f862af311c9","build":"193.6494.30","bucket":"126","time":1582737314342,"group":{"id":"lifecycle","version":"31"},"event":{"count":1,"data":{"created":1582737314343,"project":"6c0b7fddf716c5e851d6291c8b99323912fae3f5a6721f2834464f0b509dd752"},"id":"frame.deactivated"}}
{"recorder_version":"31","session":"3f862af311c9","build":"193.6494.30","bucket":"126","time":1582737342570,"group":{"id":"performance","version":"31"},"event":{"count":1,"data":{"duration_ms":0,"created":1582737342570},"id":"ui.latency"}}
{"recorder_version":"31","session":"3f862af311c9","build":"193.6494.30","bucket":"126","time":1582737423867,"group":{"id":"event.log","version":"31"},"event":{"count":1,"data":{"created":1582737423867,"version":"1120.0"},"id":"whitelist.updated"}}
{"recorder_version":"31","session":"3f862af311c9","build":"193.6494.30","bucket":"126","time":1582737442624,"group":{"id":"performance","version":"31"},"event":{"count":1,"data":{"duration_ms":0,"created":1582737442625},"id":"ui.latency"}}
{"recorder_version":"31","session":"3f862af311c9","build":"193.6494.30","bucket":"126","time":1582737541956,"group":{"id":"file.types.usage","version":"31"},"event":{"count":1,"data":{"created":1582737541958},"id":"registered"}}
{"recorder_version":"31","session":"3f862af311c9","build":"193.6494.30","bucket":"126","time":1582737541957,"group":{"id":"ide.script.engine","version":"2"},"event":{"count":1,"data":{"created":1582737541958},"id":"registered"}}
{"recorder_version":"31","session":"3f862af311c9","build":"193.6494.30","bucket":"126","time":1582737541957,"group":{"id":"live.templates","version":"31"},"event":{"count":1,"data":{"created":1582737541959},"id":"registered"}}
{"recorder_version":"31","session":"3f862af311c9","build":"193.6494.30","bucket":"126","time":1582737541957,"group":{"id":"ide.self.update","version":"2"},"event":{"count":1,"data":{"created":1582737541959},"id":"registered"}}
{"recorder_version":"31","session":"3f862af311c9","build":"193.6494.30","bucket":"126","time":1582737541957,"group":{"id":"lifecycle","version":"31"},"event":{"count":1,"data":{"created":1582737541959},"id":"registered"}}
{"recorder_version":"31","session":"3f862af311c9","build":"193.6494.30","bucket":"126","time":1582737541957,"group":{"id":"vcs.diff.trigger","version":"1"},"event":{"count":1,"data":{"created":1582737541960},"id":"registered"}}
{"recorder_version":"31","session":"3f862af311c9","build":"193.6494.30","bucket":"126","time":1582737541957,"group":{"id":"debugger.breakpoints.usage","version":"2"},"event":{"count":1,"data":{"created":1582737541960},"id":"registered"}}
{"recorder_version":"31","session":"3f862af311c9","build":"193.6494.30","bucket":"126","time":1582737541957,"group":{"id":"startup","version":"1"},"event":{"count":1,"data":{"created":1582737541960},"id":"registered"}}
{"recorder_version":"31","session":"3f862af311c9","build":"193.6494.30","bucket":"126","time":1582737541957,"group":{"id":"find","version":"2"},"event":{"count":1,"data":{"created":1582737541960},"id":"registered"}}
{"recorder_version":"31","session":"3f862af311c9","build":"193.6494.30","bucket":"126","time":1582737541957,"group":{"id":"gutter.icon.click","version":"2"},"event":{"count":1,"data":{"created":1582737541960},"id":"registered"}}
{"recorder_version":"31","session":"3f862af311c9","build":"193.6494.30","bucket":"126","time":1582737541957,"group":{"id":"shell.script","version":"1"},"event":{"count":1,"data":{"created":1582737541961},"id":"registered"}}
{"recorder_version":"31","session":"3f862af311c9","build":"193.6494.30","bucket":"126","time":1582737541957,"group":{"id":"new.project.wizard","version":"1"},"event":{"count":1,"data":{"created":1582737541965},"id":"registered"}}
{"recorder_version":"31","session":"3f862af311c9","build":"193.6494.30","bucket":"126","time":1582737541957,"group":{"id":"intentions","version":"31"},"event":{"count":1,"data":{"created":1582737541965},"id":"registered"}}
{"recorder_version":"31","session":"3f862af311c9","build":"193.6494.30","bucket":"126","time":1582737541957,"group":{"id":"settings.repository","version":"1"},"event":{"count":1,"data":{"created":1582737541966},"id":"registered"}}
{"recorder_version":"31","session":"3f862af311c9","build":"193.6494.30","bucket":"126","time":1582737541957,"group":{"id":"vcs.change.reminder","version":"2"},"event":{"count":1,"data":{"created":1582737541966},"id":"registered"}}
{"recorder_version":"31","session":"3f862af311c9","build":"193.6494.30","bucket":"126","time":1582737541957,"group":{"id":"create.directory.dialog","version":"1"},"event":{"count":1,"data":{"created":1582737541966},"id":"registered"}}
{"recorder_version":"31","session":"3f862af311c9","build":"193.6494.30","bucket":"126","time":1582737541957,"group":{"id":"json.schema","version":"1"},"event":{"count":1,"data":{"created":1582737541967},"id":"registered"}}
{"recorder_version":"31","session":"3f862af311c9","build":"193.6494.30","bucket":"126","time":1582737541957,"group":{"id":"terminalShell","version":"1"},"event":{"count":1,"data":{"created":1582737541967},"id":"registered"}}
{"recorder_version":"31","session":"3f862af311c9","build":"193.6494.30","bucket":"126","time":1582737541957,"group":{"id":"rename.refactoring","version":"1"},"event":{"count":1,"data":{"created":1582737541967},"id":"registered"}}
{"recorder_version":"31","session":"3f862af311c9","build":"193.6494.30","bucket":"126","time":1582737541957,"group":{"id":"actions","version":"31"},"event":{"count":1,"data":{"created":1582737541967},"id":"registered"}}
{"recorder_version":"31","session":"3f862af311c9","build":"193.6494.30","bucket":"126","time":1582737541957,"group":{"id":"event.log","version":"31"},"event":{"count":1,"data":{"created":1582737541967},"id":"registered"}}
{"recorder_version":"31","session":"3f862af311c9","build":"193.6494.30","bucket":"126","time":1582737541957,"group":{"id":"run.configuration.exec","version":"31"},"event":{"count":1,"data":{"created":1582737541967},"id":"registered"}}
{"recorder_version":"31","session":"3f862af311c9","build":"193.6494.30","bucket":"126","time":1582737541957,"group":{"id":"build.tools.actions","version":"1"},"event":{"count":1,"data":{"created":1582737541968},"id":"registered"}}
{"recorder_version":"31","session":"3f862af311c9","build":"193.6494.30","bucket":"126","time":1582737541957,"group":{"id":"file.editor","version":"2"},"event":{"count":1,"data":{"created":1582737541968},"id":"registered"}}
{"recorder_version":"31","session":"3f862af311c9","build":"193.6494.30","bucket":"126","time":1582737541957,"group":{"id":"vfs","version":"2"},"event":{"count":1,"data":{"created":1582737541968},"id":"registered"}}
{"recorder_version":"31","session":"3f862af311c9","build":"193.6494.30","bucket":"126","time":1582737541957,"group":{"id":"project.import","version":"2"},"event":{"count":1,"data":{"created":1582737541968},"id":"registered"}}
{"recorder_version":"31","session":"3f862af311c9","build":"193.6494.30","bucket":"126","time":1582737541957,"group":{"id":"actions.runAnything","version":"1"},"event":{"count":1,"data":{"created":1582737541968},"id":"registered"}}
{"recorder_version":"31","session":"3f862af311c9","build":"193.6494.30","bucket":"126","time":1582737541957,"group":{"id":"toolwindow","version":"31"},"event":{"count":1,"data":{"created":1582737541968},"id":"registered"}}
{"recorder_version":"31","session":"3f862af311c9","build":"193.6494.30","bucket":"126","time":1582737541957,"group":{"id":"ui.settings","version":"31"},"event":{"count":1,"data":{"created":1582737541969},"id":"registered"}}
{"recorder_version":"31","session":"3f862af311c9","build":"193.6494.30","bucket":"126","time":1582737541957,"group":{"id":"vcs.log.trigger","version":"2"},"event":{"count":1,"data":{"created":1582737541969},"id":"registered"}}
{"recorder_version":"31","session":"3f862af311c9","build":"193.6494.30","bucket":"126","time":1582737541957,"group":{"id":"productivity","version":"31"},"event":{"count":1,"data":{"created":1582737541970},"id":"registered"}}
{"recorder_version":"31","session":"3f862af311c9","build":"193.6494.30","bucket":"126","time":1582737541957,"group":{"id":"ui.event","version":"3"},"event":{"count":1,"data":{"created":1582737541970},"id":"registered"}}
{"recorder_version":"31","session":"3f862af311c9","build":"193.6494.30","bucket":"126","time":1582737541957,"group":{"id":"plugins.advertiser","version":"1"},"event":{"count":1,"data":{"created":1582737541970},"id":"registered"}}
{"recorder_version":"31","session":"3f862af311c9","build":"193.6494.30","bucket":"126","time":1582737541957,"group":{"id":"editor.notification.panel","version":"1"},"event":{"count":1,"data":{"created":1582737541970},"id":"registered"}}
{"recorder_version":"31","session":"3f862af311c9","build":"193.6494.30","bucket":"126","time":1582737541957,"group":{"id":"tooltip.action.events","version":"1"},"event":{"count":1,"data":{"created":1582737541971},"id":"registered"}}
{"recorder_version":"31","session":"3f862af311c9","build":"193.6494.30","bucket":"126","time":1582737541957,"group":{"id":"completion","version":"2"},"event":{"count":1,"data":{"created":1582737541971},"id":"registered"}}
{"recorder_version":"31","session":"3f862af311c9","build":"193.6494.30","bucket":"126","time":1582737541957,"group":{"id":"indexing","version":"2"},"event":{"count":1,"data":{"created":1582737541971},"id":"registered"}}
{"recorder_version":"31","session":"3f862af311c9","build":"193.6494.30","bucket":"126","time":1582737541957,"group":{"id":"vcs","version":"2"},"event":{"count":1,"data":{"created":1582737541971},"id":"registered"}}
{"recorder_version":"31","session":"3f862af311c9","build":"193.6494.30","bucket":"126","time":1582737541957,"group":{"id":"ui.dialogs","version":"31"},"event":{"count":1,"data":{"created":1582737541971},"id":"registered"}}
{"recorder_version":"31","session":"3f862af311c9","build":"193.6494.30","bucket":"126","time":1582737541957,"group":{"id":"vcs.back.forward.trigger","version":"1"},"event":{"count":1,"data":{"created":1582737541972},"id":"registered"}}
{"recorder_version":"31","session":"3f862af311c9","build":"193.6494.30","bucket":"126","time":1582737541957,"group":{"id":"customize.wizard","version":"1"},"event":{"count":1,"data":{"created":1582737541972},"id":"registered"}}
{"recorder_version":"31","session":"3f862af311c9","build":"193.6494.30","bucket":"126","time":1582737541957,"group":{"id":"ide.update.dialog","version":"1"},"event":{"count":1,"data":{"created":1582737541972},"id":"registered"}}
{"recorder_version":"31","session":"3f862af311c9","build":"193.6494.30","bucket":"126","time":1582737541957,"group":{"id":"toolbar","version":"31"},"event":{"count":1,"data":{"created":1582737541972},"id":"registered"}}
{"recorder_version":"31","session":"3f862af311c9","build":"193.6494.30","bucket":"126","time":1582737541957,"group":{"id":"performance","version":"31"},"event":{"count":1,"data":{"created":1582737541972},"id":"registered"}}
{"recorder_version":"31","session":"3f862af311c9","build":"193.6494.30","bucket":"126","time":1582737541957,"group":{"id":"build","version":"2"},"event":{"count":1,"data":{"created":1582737541973},"id":"registered"}}
{"recorder_version":"31","session":"3f862af311c9","build":"193.6494.30","bucket":"126","time":1582737541957,"group":{"id":"searchEverywhere","version":"3"},"event":{"count":1,"data":{"created":1582737541973},"id":"registered"}}
{"recorder_version":"31","session":"3f862af311c9","build":"193.6494.30","bucket":"126","time":1582737541957,"group":{"id":"ui.tips","version":"3"},"event":{"count":1,"data":{"created":1582737541973},"id":"registered"}}
{"recorder_version":"31","session":"3f862af311c9","build":"193.6494.30","bucket":"126","time":1582737541957,"group":{"id":"surround.with","version":"2"},"event":{"count":1,"data":{"created":1582737541974},"id":"registered"}}
{"recorder_version":"31","session":"3f862af311c9","build":"193.6494.30","bucket":"126","time":1582737541957,"group":{"id":"import.old.config","version":"3"},"event":{"count":1,"data":{"created":1582737541974},"id":"registered"}}
{"recorder_version":"31","session":"3f862af311c9","build":"193.6494.30","bucket":"126","time":1582737541957,"group":{"id":"completion.postfix","version":"31"},"event":{"count":1,"data":{"created":1582737541974},"id":"registered"}}
