2013-03-01 21:42:10,264 - DEBUG - GstMessageState
2013-03-01 21:42:10,265 - DEBUG - Received MESSAGE_STATE_CHANGED
2013-03-01 21:42:10,266 - DEBUG - playing
2013-03-01 21:42:10,269 - DEBUG - GstMessageState
2013-03-01 21:42:10,270 - DEBUG - Received MESSAGE_STATE_CHANGED
2013-03-01 21:42:10,270 - DEBUG - playing
2013-03-01 21:42:10,275 - DEBUG - GstMessageState
2013-03-01 21:42:10,276 - DEBUG - Received MESSAGE_STATE_CHANGED
2013-03-01 21:42:10,276 - DEBUG - playing
2013-03-01 21:42:10,281 - DEBUG - GstMessageState
2013-03-01 21:42:10,281 - DEBUG - Received MESSAGE_STATE_CHANGED
2013-03-01 21:42:10,282 - DEBUG - playing
2013-03-01 21:42:10,287 - DEBUG - GstMessageState
2013-03-01 21:42:10,287 - DEBUG - Received MESSAGE_STATE_CHANGED
2013-03-01 21:42:10,287 - DEBUG - playing
2013-03-01 21:42:10,293 - DEBUG - GstMessageState
2013-03-01 21:42:10,293 - DEBUG - Received MESSAGE_STATE_CHANGED
2013-03-01 21:42:10,293 - DEBUG - playing
2013-03-01 21:42:10,298 - DEBUG - GstMessageState
2013-03-01 21:42:10,299 - DEBUG - Received MESSAGE_STATE_CHANGED
2013-03-01 21:42:10,299 - DEBUG - playing
2013-03-01 21:42:10,304 - DEBUG - GstMessageState
2013-03-01 21:42:10,305 - DEBUG - Received MESSAGE_STATE_CHANGED
2013-03-01 21:42:10,305 - DEBUG - playing
2013-03-01 21:42:10,310 - DEBUG - GstMessageState
2013-03-01 21:42:10,311 - DEBUG - Received MESSAGE_STATE_CHANGED
2013-03-01 21:42:10,311 - DEBUG - playing
2013-03-01 21:42:10,316 - DEBUG - GstMessageState
2013-03-01 21:42:10,317 - DEBUG - Received MESSAGE_STATE_CHANGED
2013-03-01 21:42:10,317 - DEBUG - playing
2013-03-01 21:42:10,322 - DEBUG - GstMessageState
2013-03-01 21:42:10,322 - DEBUG - Received MESSAGE_STATE_CHANGED
2013-03-01 21:42:10,323 - DEBUG - playing
2013-03-01 21:42:10,328 - DEBUG - GstMessageState
2013-03-01 21:42:10,328 - DEBUG - Received MESSAGE_STATE_CHANGED
2013-03-01 21:42:10,329 - DEBUG - playing
2013-03-01 21:42:10,334 - DEBUG - GstMessageState
2013-03-01 21:42:10,334 - DEBUG - Received MESSAGE_STATE_CHANGED
2013-03-01 21:42:10,334 - DEBUG - playing
2013-03-01 21:42:10,340 - DEBUG - GstMessageState
2013-03-01 21:42:10,340 - DEBUG - Received MESSAGE_STATE_CHANGED
2013-03-01 21:42:10,340 - DEBUG - playing
2013-03-01 21:42:10,345 - DEBUG - GstMessageState
2013-03-01 21:42:10,346 - DEBUG - Received MESSAGE_STATE_CHANGED
2013-03-01 21:42:10,346 - DEBUG - playing
2013-03-01 21:42:10,351 - DEBUG - GstMessageState
2013-03-01 21:42:10,352 - DEBUG - Received MESSAGE_STATE_CHANGED
2013-03-01 21:42:10,352 - DEBUG - playing
2013-03-01 21:42:10,357 - DEBUG - GstMessageState
2013-03-01 21:42:10,358 - DEBUG - Received MESSAGE_STATE_CHANGED
2013-03-01 21:42:10,358 - DEBUG - playing
2013-03-01 21:42:10,363 - DEBUG - GstMessageStreamStatus
2013-03-01 21:42:10,364 - DEBUG - GstMessageBuffering
2013-03-01 21:42:10,366 - DEBUG - GstMessageBuffering
2013-03-01 21:42:10,368 - DEBUG - GstMessageBuffering
2013-03-01 21:42:10,381 - DEBUG - GstMessageState
2013-03-01 21:42:10,381 - DEBUG - Received MESSAGE_STATE_CHANGED
2013-03-01 21:42:10,382 - DEBUG - GstMessageState
2013-03-01 21:42:10,382 - DEBUG - Received MESSAGE_STATE_CHANGED
2013-03-01 21:42:10,382 - DEBUG - GstMessageState
2013-03-01 21:42:10,382 - DEBUG - Received MESSAGE_STATE_CHANGED
2013-03-01 21:42:10,383 - DEBUG - GstMessageState
2013-03-01 21:42:10,383 - DEBUG - Received MESSAGE_STATE_CHANGED
2013-03-01 21:42:10,383 - DEBUG - GstMessageState
2013-03-01 21:42:10,383 - DEBUG - Received MESSAGE_STATE_CHANGED
2013-03-01 21:42:10,384 - DEBUG - GstMessageState
2013-03-01 21:42:10,384 - DEBUG - Received MESSAGE_STATE_CHANGED
2013-03-01 21:42:10,384 - DEBUG - GstMessageState
2013-03-01 21:42:10,385 - DEBUG - Received MESSAGE_STATE_CHANGED
2013-03-01 21:42:10,385 - DEBUG - GstMessageState
2013-03-01 21:42:10,385 - DEBUG - Received MESSAGE_STATE_CHANGED
2013-03-01 21:42:10,385 - DEBUG - GstMessageState
2013-03-01 21:42:10,386 - DEBUG - Received MESSAGE_STATE_CHANGED
2013-03-01 21:42:10,386 - DEBUG - GstMessageState
2013-03-01 21:42:10,386 - DEBUG - Received MESSAGE_STATE_CHANGED
2013-03-01 21:42:10,387 - DEBUG - GstMessageState
2013-03-01 21:42:10,387 - DEBUG - Received MESSAGE_STATE_CHANGED
2013-03-01 21:42:10,387 - DEBUG - GstMessageState
2013-03-01 21:42:10,387 - DEBUG - Received MESSAGE_STATE_CHANGED
2013-03-01 21:42:10,388 - DEBUG - GstMessageState
2013-03-01 21:42:10,388 - DEBUG - Received MESSAGE_STATE_CHANGED
2013-03-01 21:42:10,388 - DEBUG - GstMessageState
2013-03-01 21:42:10,389 - DEBUG - Received MESSAGE_STATE_CHANGED
2013-03-01 21:42:10,389 - DEBUG - GstMessageState
2013-03-01 21:42:10,389 - DEBUG - Received MESSAGE_STATE_CHANGED
2013-03-01 21:42:10,389 - DEBUG - GstMessageState
2013-03-01 21:42:10,390 - DEBUG - Received MESSAGE_STATE_CHANGED
2013-03-01 21:42:10,390 - DEBUG - GstMessageState
2013-03-01 21:42:10,390 - DEBUG - Received MESSAGE_STATE_CHANGED
2013-03-01 21:42:10,391 - DEBUG - GstMessageState
2013-03-01 21:42:10,391 - DEBUG - Received MESSAGE_STATE_CHANGED
2013-03-01 21:42:10,391 - DEBUG - GstMessageState
2013-03-01 21:42:10,392 - DEBUG - Received MESSAGE_STATE_CHANGED
2013-03-01 21:42:10,392 - DEBUG - GstMessageState
2013-03-01 21:42:10,392 - DEBUG - Received MESSAGE_STATE_CHANGED
2013-03-01 21:42:10,393 - DEBUG - GstMessageState
2013-03-01 21:42:10,393 - DEBUG - Received MESSAGE_STATE_CHANGED
2013-03-01 21:42:10,393 - DEBUG - GstMessageState
2013-03-01 21:42:10,393 - DEBUG - Received MESSAGE_STATE_CHANGED
2013-03-01 21:42:10,394 - DEBUG - GstMessageState
2013-03-01 21:42:10,394 - DEBUG - Received MESSAGE_STATE_CHANGED
2013-03-01 21:42:10,394 - DEBUG - playing
2013-03-01 21:42:10,399 - DEBUG - GstMessageState
2013-03-01 21:42:10,400 - DEBUG - Received MESSAGE_STATE_CHANGED
2013-03-01 21:42:10,400 - DEBUG - playing
2013-03-01 21:42:10,405 - DEBUG - GstMessageState
2013-03-01 21:42:10,406 - DEBUG - Received MESSAGE_STATE_CHANGED
2013-03-01 21:42:10,406 - DEBUG - playing
2013-03-01 21:42:10,411 - DEBUG - GstMessageState
2013-03-01 21:42:10,412 - DEBUG - Received MESSAGE_STATE_CHANGED
2013-03-01 21:42:10,412 - DEBUG - playing
2013-03-01 21:42:10,417 - DEBUG - GstMessageState
2013-03-01 21:42:10,418 - DEBUG - Received MESSAGE_STATE_CHANGED
2013-03-01 21:42:10,418 - DEBUG - playing
2013-03-01 21:42:10,423 - DEBUG - GstMessageState
2013-03-01 21:42:10,423 - DEBUG - Received MESSAGE_STATE_CHANGED
2013-03-01 21:42:10,424 - DEBUG - playing
2013-03-01 21:42:10,429 - DEBUG - GstMessageState
2013-03-01 21:42:10,429 - DEBUG - Received MESSAGE_STATE_CHANGED
2013-03-01 21:42:10,430 - DEBUG - playing
2013-03-01 21:42:10,435 - DEBUG - GstMessageState
2013-03-01 21:42:10,435 - DEBUG - Received MESSAGE_STATE_CHANGED
2013-03-01 21:42:10,435 - DEBUG - playing
2013-03-01 21:42:10,440 - DEBUG - GstMessageState
2013-03-01 21:42:10,441 - DEBUG - Received MESSAGE_STATE_CHANGED
2013-03-01 21:42:10,441 - DEBUG - playing
2013-03-01 21:42:10,446 - DEBUG - GstMessageState
2013-03-01 21:42:10,447 - DEBUG - Received MESSAGE_STATE_CHANGED
2013-03-01 21:42:10,447 - DEBUG - playing
2013-03-01 21:42:10,452 - DEBUG - GstMessageState
2013-03-01 21:42:10,453 - DEBUG - Received MESSAGE_STATE_CHANGED
2013-03-01 21:42:10,453 - DEBUG - playing
2013-03-01 21:42:10,458 - DEBUG - GstMessageState
2013-03-01 21:42:10,458 - DEBUG - Received MESSAGE_STATE_CHANGED
2013-03-01 21:42:10,459 - DEBUG - playing
2013-03-01 21:42:10,464 - DEBUG - GstMessageState
2013-03-01 21:42:10,464 - DEBUG - Received MESSAGE_STATE_CHANGED
2013-03-01 21:42:10,465 - DEBUG - playing
2013-03-01 21:42:10,470 - DEBUG - GstMessageState
2013-03-01 21:42:10,470 - DEBUG - Received MESSAGE_STATE_CHANGED
2013-03-01 21:42:10,470 - DEBUG - playing
2013-03-01 21:42:10,475 - DEBUG - GstMessageState
2013-03-01 21:42:10,476 - DEBUG - Received MESSAGE_STATE_CHANGED
2013-03-01 21:42:10,476 - DEBUG - playing
2013-03-01 21:42:10,481 - DEBUG - GstMessageState
2013-03-01 21:42:10,482 - DEBUG - Received MESSAGE_STATE_CHANGED
2013-03-01 21:42:10,482 - DEBUG - playing
2013-03-01 21:42:10,487 - DEBUG - GstMessageState
2013-03-01 21:42:10,488 - DEBUG - Received MESSAGE_STATE_CHANGED
2013-03-01 21:42:10,488 - DEBUG - playing
2013-03-01 21:42:10,495 - DEBUG - GstMessageState
2013-03-01 21:42:10,496 - DEBUG - Received MESSAGE_STATE_CHANGED
2013-03-01 21:42:10,496 - DEBUG - playing
2013-03-01 21:42:10,498 - DEBUG - GstMessageState
2013-03-01 21:42:10,498 - DEBUG - Received MESSAGE_STATE_CHANGED
2013-03-01 21:42:10,498 - DEBUG - playing
2013-03-01 21:42:10,501 - DEBUG - GstMessageState
2013-03-01 21:42:10,501 - DEBUG - Received MESSAGE_STATE_CHANGED
2013-03-01 21:42:10,501 - DEBUG - playing
2013-03-01 21:42:10,503 - DEBUG - GstMessageState
2013-03-01 21:42:10,503 - DEBUG - Received MESSAGE_STATE_CHANGED
2013-03-01 21:42:10,503 - DEBUG - playing
2013-03-01 21:42:10,506 - DEBUG - GstMessageState
2013-03-01 21:42:10,506 - DEBUG - Received MESSAGE_STATE_CHANGED
2013-03-01 21:42:10,506 - DEBUG - playing
2013-03-01 21:42:10,508 - DEBUG - GstMessageStreamStatus
2013-03-01 21:42:10,508 - DEBUG - GstMessageState
2013-03-01 21:42:10,508 - DEBUG - Received MESSAGE_STATE_CHANGED
2013-03-01 21:42:10,509 - DEBUG - GstMessageState
2013-03-01 21:42:10,509 - DEBUG - Received MESSAGE_STATE_CHANGED
2013-03-01 21:42:10,509 - DEBUG - GstMessageState
2013-03-01 21:42:10,509 - DEBUG - Received MESSAGE_STATE_CHANGED
2013-03-01 21:42:10,509 - DEBUG - GstMessageState
2013-03-01 21:42:10,509 - DEBUG - Received MESSAGE_STATE_CHANGED
2013-03-01 21:42:10,509 - DEBUG - GstMessageState
2013-03-01 21:42:10,509 - DEBUG - Received MESSAGE_STATE_CHANGED
2013-03-01 21:42:10,509 - DEBUG - GstMessageState
2013-03-01 21:42:10,510 - DEBUG - Received MESSAGE_STATE_CHANGED
2013-03-01 21:42:10,510 - DEBUG - GstMessageState
2013-03-01 21:42:10,510 - DEBUG - Received MESSAGE_STATE_CHANGED
2013-03-01 21:42:10,510 - DEBUG - GstMessageState
2013-03-01 21:42:10,510 - DEBUG - Received MESSAGE_STATE_CHANGED
2013-03-01 21:42:10,510 - DEBUG - GstMessageState
2013-03-01 21:42:10,510 - DEBUG - Received MESSAGE_STATE_CHANGED
2013-03-01 21:42:10,510 - DEBUG - GstMessageState
2013-03-01 21:42:10,510 - DEBUG - Received MESSAGE_STATE_CHANGED
2013-03-01 21:42:10,510 - DEBUG - GstMessageState
2013-03-01 21:42:10,511 - DEBUG - Received MESSAGE_STATE_CHANGED
2013-03-01 21:42:10,511 - DEBUG - GstMessageState
2013-03-01 21:42:10,511 - DEBUG - Received MESSAGE_STATE_CHANGED
2013-03-01 21:42:10,511 - DEBUG - GstMessageState
2013-03-01 21:42:10,511 - DEBUG - Received MESSAGE_STATE_CHANGED
2013-03-01 21:42:10,511 - DEBUG - GstMessageState
2013-03-01 21:42:10,511 - DEBUG - Received MESSAGE_STATE_CHANGED
2013-03-01 21:42:10,511 - DEBUG - GstMessageState
2013-03-01 21:42:10,511 - DEBUG - Received MESSAGE_STATE_CHANGED
2013-03-01 21:42:10,512 - DEBUG - GstMessageState
2013-03-01 21:42:10,512 - DEBUG - Received MESSAGE_STATE_CHANGED
2013-03-01 21:42:10,512 - DEBUG - GstMessageState
2013-03-01 21:42:10,512 - DEBUG - Received MESSAGE_STATE_CHANGED
2013-03-01 21:42:10,512 - DEBUG - GstMessageState
2013-03-01 21:42:10,512 - DEBUG - Received MESSAGE_STATE_CHANGED
2013-03-01 21:42:10,512 - DEBUG - GstMessageState
2013-03-01 21:42:10,512 - DEBUG - Received MESSAGE_STATE_CHANGED
2013-03-01 21:42:10,512 - DEBUG - GstMessageState
2013-03-01 21:42:10,513 - DEBUG - Received MESSAGE_STATE_CHANGED
2013-03-01 21:42:10,513 - DEBUG - GstMessageState
2013-03-01 21:42:10,513 - DEBUG - Received MESSAGE_STATE_CHANGED
2013-03-01 21:42:10,513 - DEBUG - GstMessageState
2013-03-01 21:42:10,513 - DEBUG - Received MESSAGE_STATE_CHANGED
2013-03-01 21:42:10,548 - DEBUG - GstMessageBuffering
2013-03-01 21:42:10,549 - DEBUG - GstMessageBuffering
2013-03-01 21:42:10,549 - DEBUG - GstMessageState
2013-03-01 21:42:10,549 - DEBUG - Received MESSAGE_STATE_CHANGED
2013-03-01 21:42:10,550 - DEBUG - playing
2013-03-01 21:42:10,552 - DEBUG - GstMessageState
2013-03-01 21:42:10,552 - DEBUG - Received MESSAGE_STATE_CHANGED
2013-03-01 21:42:10,552 - DEBUG - playing
2013-03-01 21:42:10,554 - DEBUG - GstMessageState
2013-03-01 21:42:10,555 - DEBUG - Received MESSAGE_STATE_CHANGED
2013-03-01 21:42:10,555 - DEBUG - playing
2013-03-01 21:42:10,557 - DEBUG - GstMessageState
2013-03-01 21:42:10,557 - DEBUG - Received MESSAGE_STATE_CHANGED
2013-03-01 21:42:10,557 - DEBUG - playing
2013-03-01 21:42:10,559 - DEBUG - GstMessageState
2013-03-01 21:42:10,560 - DEBUG - Received MESSAGE_STATE_CHANGED
2013-03-01 21:42:10,560 - DEBUG - playing
2013-03-01 21:42:10,562 - DEBUG - GstMessageState
2013-03-01 21:42:10,562 - DEBUG - Received MESSAGE_STATE_CHANGED
2013-03-01 21:42:10,562 - DEBUG - playing
2013-03-01 21:42:10,565 - DEBUG - GstMessageState
2013-03-01 21:42:10,565 - DEBUG - Received MESSAGE_STATE_CHANGED
2013-03-01 21:42:10,565 - DEBUG - playing
2013-03-01 21:42:10,567 - DEBUG - GstMessageState
2013-03-01 21:42:10,567 - DEBUG - Received MESSAGE_STATE_CHANGED
2013-03-01 21:42:10,568 - DEBUG - playing
2013-03-01 21:42:10,570 - DEBUG - GstMessageState
2013-03-01 21:42:10,570 - DEBUG - Received MESSAGE_STATE_CHANGED
2013-03-01 21:42:10,570 - DEBUG - playing
2013-03-01 21:42:10,572 - DEBUG - GstMessageState
2013-03-01 21:42:10,573 - DEBUG - Received MESSAGE_STATE_CHANGED
2013-03-01 21:42:10,573 - DEBUG - playing
2013-03-01 21:42:10,575 - DEBUG - GstMessageState
2013-03-01 21:42:10,575 - DEBUG - Received MESSAGE_STATE_CHANGED
2013-03-01 21:42:10,575 - DEBUG - playing
2013-03-01 21:42:10,577 - DEBUG - GstMessageState
2013-03-01 21:42:10,578 - DEBUG - Received MESSAGE_STATE_CHANGED
2013-03-01 21:42:10,578 - DEBUG - playing
2013-03-01 21:42:10,580 - DEBUG - GstMessageState
2013-03-01 21:42:10,580 - DEBUG - Received MESSAGE_STATE_CHANGED
2013-03-01 21:42:10,580 - DEBUG - playing
2013-03-01 21:42:10,582 - DEBUG - GstMessageState
2013-03-01 21:42:10,583 - DEBUG - Received MESSAGE_STATE_CHANGED
2013-03-01 21:42:10,583 - DEBUG - playing
2013-03-01 21:42:10,585 - DEBUG - GstMessageState
2013-03-01 21:42:10,585 - DEBUG - Received MESSAGE_STATE_CHANGED
2013-03-01 21:42:10,585 - DEBUG - playing
2013-03-01 21:42:10,588 - DEBUG - GstMessageState
2013-03-01 21:42:10,588 - DEBUG - Received MESSAGE_STATE_CHANGED
2013-03-01 21:42:10,588 - DEBUG - playing
2013-03-01 21:42:10,590 - DEBUG - GstMessageState
2013-03-01 21:42:10,590 - DEBUG - Received MESSAGE_STATE_CHANGED
2013-03-01 21:42:10,590 - DEBUG - playing
2013-03-01 21:42:10,593 - DEBUG - GstMessageState
2013-03-01 21:42:10,593 - DEBUG - Received MESSAGE_STATE_CHANGED
2013-03-01 21:42:10,593 - DEBUG - playing
2013-03-01 21:42:10,595 - DEBUG - GstMessageState
2013-03-01 21:42:10,595 - DEBUG - Received MESSAGE_STATE_CHANGED
2013-03-01 21:42:10,596 - DEBUG - playing
2013-03-01 21:42:10,598 - DEBUG - GstMessageState
2013-03-01 21:42:10,598 - DEBUG - Received MESSAGE_STATE_CHANGED
2013-03-01 21:42:10,598 - DEBUG - playing
2013-03-01 21:42:10,600 - DEBUG - GstMessageState
2013-03-01 21:42:10,600 - DEBUG - Received MESSAGE_STATE_CHANGED
2013-03-01 21:42:10,601 - DEBUG - playing
2013-03-01 21:42:10,603 - DEBUG - GstMessageState
2013-03-01 21:42:10,603 - DEBUG - Received MESSAGE_STATE_CHANGED
2013-03-01 21:42:10,603 - DEBUG - playing
2013-03-01 21:42:10,606 - DEBUG - GstMessageBuffering
2013-03-01 21:42:10,607 - DEBUG - GstMessageStreamStatus
2013-03-01 21:42:10,607 - DEBUG - GstMessageBuffering
2013-03-01 21:42:10,608 - DEBUG - GstMessageState
2013-03-01 21:42:10,609 - DEBUG - Received MESSAGE_STATE_CHANGED
2013-03-01 21:42:10,609 - DEBUG - GstMessageState
2013-03-01 21:42:10,609 - DEBUG - Received MESSAGE_STATE_CHANGED
2013-03-01 21:42:10,609 - DEBUG - GstMessageState
2013-03-01 21:42:10,609 - DEBUG - Received MESSAGE_STATE_CHANGED
2013-03-01 21:42:10,609 - DEBUG - GstMessageState
2013-03-01 21:42:10,609 - DEBUG - Received MESSAGE_STATE_CHANGED
2013-03-01 21:42:10,610 - DEBUG - GstMessageState
2013-03-01 21:42:10,610 - DEBUG - Received MESSAGE_STATE_CHANGED
2013-03-01 21:42:10,610 - DEBUG - GstMessageState
2013-03-01 21:42:10,610 - DEBUG - Received MESSAGE_STATE_CHANGED
2013-03-01 21:42:10,610 - DEBUG - GstMessageState
2013-03-01 21:42:10,610 - DEBUG - Received MESSAGE_STATE_CHANGED
2013-03-01 21:42:10,610 - DEBUG - GstMessageState
2013-03-01 21:42:10,610 - DEBUG - Received MESSAGE_STATE_CHANGED
2013-03-01 21:42:10,611 - DEBUG - GstMessageState
2013-03-01 21:42:10,611 - DEBUG - Received MESSAGE_STATE_CHANGED
2013-03-01 21:42:10,611 - DEBUG - GstMessageState
2013-03-01 21:42:10,611 - DEBUG - Received MESSAGE_STATE_CHANGED
2013-03-01 21:42:10,611 - DEBUG - GstMessageState
2013-03-01 21:42:10,611 - DEBUG - Received MESSAGE_STATE_CHANGED
2013-03-01 21:42:10,611 - DEBUG - GstMessageState
2013-03-01 21:42:10,611 - DEBUG - Received MESSAGE_STATE_CHANGED
2013-03-01 21:42:10,612 - DEBUG - GstMessageState
2013-03-01 21:42:10,612 - DEBUG - Received MESSAGE_STATE_CHANGED
2013-03-01 21:42:10,612 - DEBUG - GstMessageState
2013-03-01 21:42:10,612 - DEBUG - Received MESSAGE_STATE_CHANGED
2013-03-01 21:42:10,612 - DEBUG - GstMessageState
2013-03-01 21:42:10,612 - DEBUG - Received MESSAGE_STATE_CHANGED
2013-03-01 21:42:10,612 - DEBUG - GstMessageState
2013-03-01 21:42:10,613 - DEBUG - Received MESSAGE_STATE_CHANGED
2013-03-01 21:42:10,613 - DEBUG - GstMessageState
2013-03-01 21:42:10,613 - DEBUG - Received MESSAGE_STATE_CHANGED
2013-03-01 21:42:10,613 - DEBUG - GstMessageState
2013-03-01 21:42:10,613 - DEBUG - Received MESSAGE_STATE_CHANGED
2013-03-01 21:42:10,613 - DEBUG - GstMessageState
2013-03-01 21:42:10,613 - DEBUG - Received MESSAGE_STATE_CHANGED
2013-03-01 21:42:10,613 - DEBUG - GstMessageState
2013-03-01 21:42:10,614 - DEBUG - Received MESSAGE_STATE_CHANGED
2013-03-01 21:42:10,614 - DEBUG - GstMessageState
2013-03-01 21:42:10,614 - DEBUG - Received MESSAGE_STATE_CHANGED
2013-03-01 21:42:10,614 - DEBUG - GstMessageState
2013-03-01 21:42:10,614 - DEBUG - Received MESSAGE_STATE_CHANGED
2013-03-01 21:42:10,614 - DEBUG - GstMessageBuffering
2013-03-01 21:42:10,615 - DEBUG - GstMessageState
2013-03-01 21:42:10,615 - DEBUG - Received MESSAGE_STATE_CHANGED
2013-03-01 21:42:10,615 - DEBUG - playing
2013-03-01 21:42:10,618 - DEBUG - GstMessageState
2013-03-01 21:42:10,618 - DEBUG - Received MESSAGE_STATE_CHANGED
2013-03-01 21:42:10,618 - DEBUG - playing
2013-03-01 21:42:10,621 - DEBUG - GstMessageState
2013-03-01 21:42:10,621 - DEBUG - Received MESSAGE_STATE_CHANGED
2013-03-01 21:42:10,621 - DEBUG - playing
2013-03-01 21:42:10,624 - DEBUG - GstMessageState
2013-03-01 21:42:10,624 - DEBUG - Received MESSAGE_STATE_CHANGED
2013-03-01 21:42:10,624 - DEBUG - playing
2013-03-01 21:42:10,627 - DEBUG - GstMessageState
2013-03-01 21:42:10,627 - DEBUG - Received MESSAGE_STATE_CHANGED
2013-03-01 21:42:10,627 - DEBUG - playing
2013-03-01 21:42:10,629 - DEBUG - GstMessageState
2013-03-01 21:42:10,630 - DEBUG - Received MESSAGE_STATE_CHANGED
2013-03-01 21:42:10,630 - DEBUG - playing
2013-03-01 21:42:10,632 - DEBUG - GstMessageState
2013-03-01 21:42:10,633 - DEBUG - Received MESSAGE_STATE_CHANGED
2013-03-01 21:42:10,633 - DEBUG - playing
2013-03-01 21:42:10,635 - DEBUG - GstMessageState
2013-03-01 21:42:10,636 - DEBUG - Received MESSAGE_STATE_CHANGED
2013-03-01 21:42:10,636 - DEBUG - playing
2013-03-01 21:42:10,638 - DEBUG - GstMessageState
2013-03-01 21:42:10,638 - DEBUG - Received MESSAGE_STATE_CHANGED
2013-03-01 21:42:10,639 - DEBUG - playing
2013-03-01 21:42:10,641 - DEBUG - GstMessageState
2013-03-01 21:42:10,641 - DEBUG - Received MESSAGE_STATE_CHANGED
2013-03-01 21:42:10,641 - DEBUG - playing
2013-03-01 21:42:10,644 - DEBUG - GstMessageState
2013-03-01 21:42:10,644 - DEBUG - Received MESSAGE_STATE_CHANGED
2013-03-01 21:42:10,644 - DEBUG - playing
2013-03-01 21:42:10,647 - DEBUG - GstMessageState
2013-03-01 21:42:10,647 - DEBUG - Received MESSAGE_STATE_CHANGED
2013-03-01 21:42:10,647 - DEBUG - playing
2013-03-01 21:42:10,650 - DEBUG - GstMessageState
2013-03-01 21:42:10,650 - DEBUG - Received MESSAGE_STATE_CHANGED
2013-03-01 21:42:10,650 - DEBUG - playing
2013-03-01 21:42:10,653 - DEBUG - GstMessageState
2013-03-01 21:42:10,653 - DEBUG - Received MESSAGE_STATE_CHANGED
2013-03-01 21:42:10,653 - DEBUG - playing
2013-03-01 21:42:10,656 - DEBUG - GstMessageState
2013-03-01 21:42:10,656 - DEBUG - Received MESSAGE_STATE_CHANGED
2013-03-01 21:42:10,656 - DEBUG - playing
2013-03-01 21:42:10,659 - DEBUG - GstMessageState
2013-03-01 21:42:10,659 - DEBUG - Received MESSAGE_STATE_CHANGED
2013-03-01 21:42:10,659 - DEBUG - playing
2013-03-01 21:42:10,661 - DEBUG - GstMessageState
2013-03-01 21:42:10,662 - DEBUG - Received MESSAGE_STATE_CHANGED
2013-03-01 21:42:10,662 - DEBUG - playing
2013-03-01 21:42:10,664 - DEBUG - GstMessageState
2013-03-01 21:42:10,665 - DEBUG - Received MESSAGE_STATE_CHANGED
2013-03-01 21:42:10,665 - DEBUG - playing
2013-03-01 21:42:10,667 - DEBUG - GstMessageState
2013-03-01 21:42:10,667 - DEBUG - Received MESSAGE_STATE_CHANGED
2013-03-01 21:42:10,668 - DEBUG - playing
2013-03-01 21:42:10,670 - DEBUG - GstMessageState
2013-03-01 21:42:10,670 - DEBUG - Received MESSAGE_STATE_CHANGED
2013-03-01 21:42:10,671 - DEBUG - playing
2013-03-01 21:42:10,673 - DEBUG - GstMessageState
2013-03-01 21:42:10,673 - DEBUG - Received MESSAGE_STATE_CHANGED
2013-03-01 21:42:10,673 - DEBUG - playing
2013-03-01 21:42:10,676 - DEBUG - GstMessageState
2013-03-01 21:42:10,676 - DEBUG - Received MESSAGE_STATE_CHANGED
2013-03-01 21:42:10,676 - DEBUG - playing
2013-03-01 21:42:10,679 - DEBUG - GstMessageStreamStatus
2013-03-01 21:42:10,679 - DEBUG - GstMessageBuffering
2013-03-01 21:42:10,680 - DEBUG - GstMessageState
2013-03-01 21:42:10,681 - DEBUG - Received MESSAGE_STATE_CHANGED
2013-03-01 21:42:10,681 - DEBUG - GstMessageState
2013-03-01 21:42:10,681 - DEBUG - Received MESSAGE_STATE_CHANGED
2013-03-01 21:42:10,681 - DEBUG - GstMessageState
2013-03-01 21:42:10,681 - DEBUG - Received MESSAGE_STATE_CHANGED
2013-03-01 21:42:10,681 - DEBUG - GstMessageState
2013-03-01 21:42:10,682 - DEBUG - Received MESSAGE_STATE_CHANGED
2013-03-01 21:42:10,682 - DEBUG - GstMessageState
2013-03-01 21:42:10,682 - DEBUG - Received MESSAGE_STATE_CHANGED
2013-03-01 21:42:10,682 - DEBUG - GstMessageState
2013-03-01 21:42:10,682 - DEBUG - Received MESSAGE_STATE_CHANGED
2013-03-01 21:42:10,682 - DEBUG - GstMessageState
2013-03-01 21:42:10,682 - DEBUG - Received MESSAGE_STATE_CHANGED
2013-03-01 21:42:10,682 - DEBUG - GstMessageState
2013-03-01 21:42:10,683 - DEBUG - Received MESSAGE_STATE_CHANGED
2013-03-01 21:42:10,683 - DEBUG - GstMessageState
2013-03-01 21:42:10,683 - DEBUG - Received MESSAGE_STATE_CHANGED
2013-03-01 21:42:10,683 - DEBUG - GstMessageState
2013-03-01 21:42:10,683 - DEBUG - Received MESSAGE_STATE_CHANGED
2013-03-01 21:42:10,683 - DEBUG - GstMessageState
2013-03-01 21:42:10,683 - DEBUG - Received MESSAGE_STATE_CHANGED
2013-03-01 21:42:10,683 - DEBUG - GstMessageState
2013-03-01 21:42:10,684 - DEBUG - Received MESSAGE_STATE_CHANGED
2013-03-01 21:42:10,684 - DEBUG - GstMessageState
2013-03-01 21:42:10,684 - DEBUG - Received MESSAGE_STATE_CHANGED
2013-03-01 21:42:10,684 - DEBUG - GstMessageState
2013-03-01 21:42:10,684 - DEBUG - Received MESSAGE_STATE_CHANGED
2013-03-01 21:42:10,684 - DEBUG - GstMessageState
2013-03-01 21:42:10,684 - DEBUG - Received MESSAGE_STATE_CHANGED
2013-03-01 21:42:10,684 - DEBUG - GstMessageState
2013-03-01 21:42:10,685 - DEBUG - Received MESSAGE_STATE_CHANGED
2013-03-01 21:42:10,685 - DEBUG - GstMessageState
2013-03-01 21:42:10,685 - DEBUG - Received MESSAGE_STATE_CHANGED
2013-03-01 21:42:10,685 - DEBUG - GstMessageState
2013-03-01 21:42:10,685 - DEBUG - Received MESSAGE_STATE_CHANGED
2013-03-01 21:42:10,685 - DEBUG - GstMessageState
2013-03-01 21:42:10,685 - DEBUG - Received MESSAGE_STATE_CHANGED
2013-03-01 21:42:10,685 - DEBUG - GstMessageState
2013-03-01 21:42:10,686 - DEBUG - Received MESSAGE_STATE_CHANGED
2013-03-01 21:42:10,686 - DEBUG - GstMessageState
2013-03-01 21:42:10,686 - DEBUG - Received MESSAGE_STATE_CHANGED
2013-03-01 21:42:10,686 - DEBUG - GstMessageState
2013-03-01 21:42:10,686 - DEBUG - Received MESSAGE_STATE_CHANGED
2013-03-01 21:42:10,856 - DEBUG - GstMessageBuffering
2013-03-01 21:42:10,858 - DEBUG - GstMessageBuffering
2013-03-01 21:42:10,859 - DEBUG - GstMessageState
2013-03-01 21:42:10,860 - DEBUG - Received MESSAGE_STATE_CHANGED
2013-03-01 21:42:10,860 - DEBUG - playing
2013-03-01 21:42:10,866 - DEBUG - GstMessageState
2013-03-01 21:42:10,866 - DEBUG - Received MESSAGE_STATE_CHANGED
2013-03-01 21:42:10,867 - DEBUG - playing
2013-03-01 21:42:10,872 - DEBUG - GstMessageState
2013-03-01 21:42:10,872 - DEBUG - Received MESSAGE_STATE_CHANGED
2013-03-01 21:42:10,873 - DEBUG - playing
2013-03-01 21:42:10,878 - DEBUG - GstMessageState
2013-03-01 21:42:10,878 - DEBUG - Received MESSAGE_STATE_CHANGED
2013-03-01 21:42:10,879 - DEBUG - playing
2013-03-01 21:42:10,884 - DEBUG - GstMessageState
2013-03-01 21:42:10,884 - DEBUG - Received MESSAGE_STATE_CHANGED
2013-03-01 21:42:10,885 - DEBUG - playing
2013-03-01 21:42:10,890 - DEBUG - GstMessageState
2013-03-01 21:42:10,890 - DEBUG - Received MESSAGE_STATE_CHANGED
2013-03-01 21:42:10,890 - DEBUG - playing
2013-03-01 21:42:10,895 - DEBUG - GstMessageState
2013-03-01 21:42:10,896 - DEBUG - Received MESSAGE_STATE_CHANGED
2013-03-01 21:42:10,896 - DEBUG - playing
2013-03-01 21:42:10,901 - DEBUG - GstMessageState
2013-03-01 21:42:10,902 - DEBUG - Received MESSAGE_STATE_CHANGED
2013-03-01 21:42:10,902 - DEBUG - playing
2013-03-01 21:42:10,907 - DEBUG - GstMessageState
2013-03-01 21:42:10,908 - DEBUG - Received MESSAGE_STATE_CHANGED
2013-03-01 21:42:10,908 - DEBUG - playing
2013-03-01 21:42:10,913 - DEBUG - GstMessageState
2013-03-01 21:42:10,914 - DEBUG - Received MESSAGE_STATE_CHANGED
2013-03-01 21:42:10,914 - DEBUG - playing
2013-03-01 21:42:10,920 - DEBUG - GstMessageState
2013-03-01 21:42:10,920 - DEBUG - Received MESSAGE_STATE_CHANGED
2013-03-01 21:42:10,920 - DEBUG - playing
2013-03-01 21:42:10,926 - DEBUG - GstMessageState
2013-03-01 21:42:10,926 - DEBUG - Received MESSAGE_STATE_CHANGED
2013-03-01 21:42:10,926 - DEBUG - playing
2013-03-01 21:42:10,931 - DEBUG - GstMessageState
2013-03-01 21:42:10,932 - DEBUG - Received MESSAGE_STATE_CHANGED
2013-03-01 21:42:10,932 - DEBUG - playing
2013-03-01 21:42:10,937 - DEBUG - GstMessageState
2013-03-01 21:42:10,938 - DEBUG - Received MESSAGE_STATE_CHANGED
2013-03-01 21:42:10,938 - DEBUG - playing
2013-03-01 21:42:10,944 - DEBUG - GstMessageState
2013-03-01 21:42:10,944 - DEBUG - Received MESSAGE_STATE_CHANGED
2013-03-01 21:42:10,945 - DEBUG - playing
2013-03-01 21:42:10,947 - DEBUG - GstMessageState
2013-03-01 21:42:10,947 - DEBUG - Received MESSAGE_STATE_CHANGED
2013-03-01 21:42:10,947 - DEBUG - playing
2013-03-01 21:42:10,949 - DEBUG - GstMessageState
2013-03-01 21:42:10,950 - DEBUG - Received MESSAGE_STATE_CHANGED
2013-03-01 21:42:10,950 - DEBUG - playing
2013-03-01 21:42:10,952 - DEBUG - GstMessageState
2013-03-01 21:42:10,952 - DEBUG - Received MESSAGE_STATE_CHANGED
2013-03-01 21:42:10,952 - DEBUG - playing
2013-03-01 21:42:10,954 - DEBUG - GstMessageState
2013-03-01 21:42:10,955 - DEBUG - Received MESSAGE_STATE_CHANGED
2013-03-01 21:42:10,955 - DEBUG - playing
2013-03-01 21:42:10,957 - DEBUG - GstMessageState
2013-03-01 21:42:10,957 - DEBUG - Received MESSAGE_STATE_CHANGED
2013-03-01 21:42:10,957 - DEBUG - playing
2013-03-01 21:42:10,960 - DEBUG - GstMessageState
2013-03-01 21:42:10,960 - DEBUG - Received MESSAGE_STATE_CHANGED
2013-03-01 21:42:10,960 - DEBUG - playing
2013-03-01 21:42:10,962 - DEBUG - GstMessageState
2013-03-01 21:42:10,962 - DEBUG - Received MESSAGE_STATE_CHANGED
2013-03-01 21:42:10,962 - DEBUG - playing
2013-03-01 21:42:10,965 - DEBUG - GstMessageBuffering
2013-03-01 21:42:10,965 - DEBUG - GstMessageStreamStatus
2013-03-01 21:42:10,966 - DEBUG - GstMessageBuffering
2013-03-01 21:42:10,966 - DEBUG - GstMessageBuffering
2013-03-01 21:42:10,966 - DEBUG - GstMessageBuffering
2013-03-01 21:42:11,000 - DEBUG - GstMessageBuffering
2013-03-01 21:42:11,212 - DEBUG - GstMessageBuffering
2013-03-01 21:42:11,223 - DEBUG - GstMessageBuffering
2013-03-01 21:42:11,224 - DEBUG - GstMessageBuffering
2013-03-01 21:42:11,227 - DEBUG - GstMessageState
2013-03-01 21:42:11,227 - DEBUG - Received MESSAGE_STATE_CHANGED
2013-03-01 21:42:11,228 - DEBUG - GstMessageState
2013-03-01 21:42:11,228 - DEBUG - Received MESSAGE_STATE_CHANGED
2013-03-01 21:42:11,228 - DEBUG - GstMessageState
2013-03-01 21:42:11,229 - DEBUG - Received MESSAGE_STATE_CHANGED
2013-03-01 21:42:11,229 - DEBUG - GstMessageState
2013-03-01 21:42:11,229 - DEBUG - Received MESSAGE_STATE_CHANGED
2013-03-01 21:42:11,229 - DEBUG - GstMessageState
2013-03-01 21:42:11,230 - DEBUG - Received MESSAGE_STATE_CHANGED
2013-03-01 21:42:11,230 - DEBUG - GstMessageState
2013-03-01 21:42:11,230 - DEBUG - Received MESSAGE_STATE_CHANGED
2013-03-01 21:42:11,231 - DEBUG - GstMessageState
2013-03-01 21:42:11,231 - DEBUG - Received MESSAGE_STATE_CHANGED
2013-03-01 21:42:11,231 - DEBUG - GstMessageState
2013-03-01 21:42:11,231 - DEBUG - Received MESSAGE_STATE_CHANGED
2013-03-01 21:42:11,232 - DEBUG - GstMessageState
2013-03-01 21:42:11,232 - DEBUG - Received MESSAGE_STATE_CHANGED
2013-03-01 21:42:11,232 - DEBUG - GstMessageState
2013-03-01 21:42:11,233 - DEBUG - Received MESSAGE_STATE_CHANGED
2013-03-01 21:42:11,233 - DEBUG - GstMessageState
2013-03-01 21:42:11,233 - DEBUG - Received MESSAGE_STATE_CHANGED
2013-03-01 21:42:11,233 - DEBUG - GstMessageState
2013-03-01 21:42:11,234 - DEBUG - Received MESSAGE_STATE_CHANGED
2013-03-01 21:42:11,234 - DEBUG - GstMessageState
2013-03-01 21:42:11,234 - DEBUG - Received MESSAGE_STATE_CHANGED
2013-03-01 21:42:11,235 - DEBUG - GstMessageState
2013-03-01 21:42:11,235 - DEBUG - Received MESSAGE_STATE_CHANGED
2013-03-01 21:42:11,235 - DEBUG - GstMessageState
2013-03-01 21:42:11,235 - DEBUG - Received MESSAGE_STATE_CHANGED
2013-03-01 21:42:11,236 - DEBUG - GstMessageState
2013-03-01 21:42:11,236 - DEBUG - Received MESSAGE_STATE_CHANGED
2013-03-01 21:42:11,236 - DEBUG - GstMessageState
2013-03-01 21:42:11,236 - DEBUG - Received MESSAGE_STATE_CHANGED
2013-03-01 21:42:11,237 - DEBUG - GstMessageState
2013-03-01 21:42:11,237 - DEBUG - Received MESSAGE_STATE_CHANGED
2013-03-01 21:42:11,237 - DEBUG - GstMessageState
2013-03-01 21:42:11,238 - DEBUG - Received MESSAGE_STATE_CHANGED
2013-03-01 21:42:11,238 - DEBUG - GstMessageState
2013-03-01 21:42:11,238 - DEBUG - Received MESSAGE_STATE_CHANGED
2013-03-01 21:42:11,238 - DEBUG - GstMessageState
2013-03-01 21:42:11,239 - DEBUG - Received MESSAGE_STATE_CHANGED
2013-03-01 21:42:11,239 - DEBUG - GstMessageState
2013-03-01 21:42:11,239 - DEBUG - Received MESSAGE_STATE_CHANGED
2013-03-01 21:42:11,449 - DEBUG - GstMessageBuffering
2013-03-01 21:42:11,451 - DEBUG - GstMessageBuffering
2013-03-01 21:42:11,453 - DEBUG - GstMessageState
2013-03-01 21:42:11,453 - DEBUG - Received MESSAGE_STATE_CHANGED
2013-03-01 21:42:11,454 - DEBUG - playing
2013-03-01 21:42:11,459 - DEBUG - GstMessageState
2013-03-01 21:42:11,459 - DEBUG - Received MESSAGE_STATE_CHANGED
2013-03-01 21:42:11,460 - DEBUG - playing
2013-03-01 21:42:11,465 - DEBUG - GstMessageState
2013-03-01 21:42:11,465 - DEBUG - Received MESSAGE_STATE_CHANGED
2013-03-01 21:42:11,466 - DEBUG - playing
2013-03-01 21:42:11,471 - DEBUG - GstMessageState
2013-03-01 21:42:11,471 - DEBUG - Received MESSAGE_STATE_CHANGED
2013-03-01 21:42:11,471 - DEBUG - playing
2013-03-01 21:42:11,477 - DEBUG - GstMessageState
2013-03-01 21:42:11,477 - DEBUG - Received MESSAGE_STATE_CHANGED
2013-03-01 21:42:11,477 - DEBUG - playing
2013-03-01 21:42:11,482 - DEBUG - GstMessageState
2013-03-01 21:42:11,483 - DEBUG - Received MESSAGE_STATE_CHANGED
2013-03-01 21:42:11,483 - DEBUG - playing
2013-03-01 21:42:11,488 - DEBUG - GstMessageState
2013-03-01 21:42:11,489 - DEBUG - Received MESSAGE_STATE_CHANGED
2013-03-01 21:42:11,489 - DEBUG - playing
2013-03-01 21:42:11,494 - DEBUG - GstMessageState
2013-03-01 21:42:11,495 - DEBUG - Received MESSAGE_STATE_CHANGED
2013-03-01 21:42:11,495 - DEBUG - playing
2013-03-01 21:42:11,500 - DEBUG - GstMessageState
2013-03-01 21:42:11,503 - DEBUG - Received MESSAGE_STATE_CHANGED
2013-03-01 21:42:11,503 - DEBUG - playing
2013-03-01 21:42:11,505 - DEBUG - GstMessageState
2013-03-01 21:42:11,506 - DEBUG - Received MESSAGE_STATE_CHANGED
2013-03-01 21:42:11,506 - DEBUG - playing
2013-03-01 21:42:11,508 - DEBUG - GstMessageState
2013-03-01 21:42:11,508 - DEBUG - Received MESSAGE_STATE_CHANGED
2013-03-01 21:42:11,508 - DEBUG - playing
2013-03-01 21:42:11,510 - DEBUG - GstMessageState
2013-03-01 21:42:11,511 - DEBUG - Received MESSAGE_STATE_CHANGED
2013-03-01 21:42:11,511 - DEBUG - playing
2013-03-01 21:42:11,513 - DEBUG - GstMessageState
2013-03-01 21:42:11,513 - DEBUG - Received MESSAGE_STATE_CHANGED
2013-03-01 21:42:11,513 - DEBUG - playing
2013-03-01 21:42:11,516 - DEBUG - GstMessageState
2013-03-01 21:42:11,516 - DEBUG - Received MESSAGE_STATE_CHANGED
2013-03-01 21:42:11,516 - DEBUG - playing
2013-03-01 21:42:11,518 - DEBUG - GstMessageState
2013-03-01 21:42:11,518 - DEBUG - Received MESSAGE_STATE_CHANGED
2013-03-01 21:42:11,519 - DEBUG - playing
2013-03-01 21:42:11,521 - DEBUG - GstMessageState
2013-03-01 21:42:11,521 - DEBUG - Received MESSAGE_STATE_CHANGED
2013-03-01 21:42:11,521 - DEBUG - playing
2013-03-01 21:42:11,523 - DEBUG - GstMessageState
2013-03-01 21:42:11,524 - DEBUG - Received MESSAGE_STATE_CHANGED
2013-03-01 21:42:11,524 - DEBUG - playing
2013-03-01 21:42:11,526 - DEBUG - GstMessageState
2013-03-01 21:42:11,526 - DEBUG - Received MESSAGE_STATE_CHANGED
2013-03-01 21:42:11,526 - DEBUG - playing
2013-03-01 21:42:11,528 - DEBUG - GstMessageState
2013-03-01 21:42:11,529 - DEBUG - Received MESSAGE_STATE_CHANGED
2013-03-01 21:42:11,529 - DEBUG - playing
2013-03-01 21:42:11,531 - DEBUG - GstMessageState
2013-03-01 21:42:11,531 - DEBUG - Received MESSAGE_STATE_CHANGED
2013-03-01 21:42:11,531 - DEBUG - playing
2013-03-01 21:42:11,533 - DEBUG - GstMessageState
2013-03-01 21:42:11,534 - DEBUG - Received MESSAGE_STATE_CHANGED
2013-03-01 21:42:11,534 - DEBUG - playing
2013-03-01 21:42:11,536 - DEBUG - GstMessageState
2013-03-01 21:42:11,536 - DEBUG - Received MESSAGE_STATE_CHANGED
2013-03-01 21:42:11,536 - DEBUG - playing
2013-03-01 21:42:11,539 - DEBUG - GstMessageStreamStatus
2013-03-01 21:42:11,539 - DEBUG - GstMessageBuffering
2013-03-01 21:42:11,539 - DEBUG - GstMessageBuffering
2013-03-01 21:42:11,595 - DEBUG - GstMessageBuffering
2013-03-01 21:42:11,713 - DEBUG - GstMessageBuffering
2013-03-01 21:42:11,716 - DEBUG - GstMessageState
2013-03-01 21:42:11,716 - DEBUG - Received MESSAGE_STATE_CHANGED
2013-03-01 21:42:11,716 - DEBUG - GstMessageState
2013-03-01 21:42:11,717 - DEBUG - Received MESSAGE_STATE_CHANGED
2013-03-01 21:42:11,717 - DEBUG - GstMessageState
2013-03-01 21:42:11,717 - DEBUG - Received MESSAGE_STATE_CHANGED
2013-03-01 21:42:11,718 - DEBUG - GstMessageState
2013-03-01 21:42:11,718 - DEBUG - Received MESSAGE_STATE_CHANGED
2013-03-01 21:42:11,718 - DEBUG - GstMessageState
2013-03-01 21:42:11,718 - DEBUG - Received MESSAGE_STATE_CHANGED
2013-03-01 21:42:11,719 - DEBUG - GstMessageState
2013-03-01 21:42:11,719 - DEBUG - Received MESSAGE_STATE_CHANGED
2013-03-01 21:42:11,719 - DEBUG - GstMessageState
2013-03-01 21:42:11,719 - DEBUG - Received MESSAGE_STATE_CHANGED
2013-03-01 21:42:11,720 - DEBUG - GstMessageState
2013-03-01 21:42:11,720 - DEBUG - Received MESSAGE_STATE_CHANGED
2013-03-01 21:42:11,720 - DEBUG - GstMessageState
2013-03-01 21:42:11,721 - DEBUG - Received MESSAGE_STATE_CHANGED
2013-03-01 21:42:11,721 - DEBUG - GstMessageState
2013-03-01 21:42:11,721 - DEBUG - Received MESSAGE_STATE_CHANGED
2013-03-01 21:42:11,721 - DEBUG - GstMessageState
2013-03-01 21:42:11,722 - DEBUG - Received MESSAGE_STATE_CHANGED
2013-03-01 21:42:11,722 - DEBUG - GstMessageState
2013-03-01 21:42:11,722 - DEBUG - Received MESSAGE_STATE_CHANGED
2013-03-01 21:42:11,723 - DEBUG - GstMessageState
2013-03-01 21:42:11,723 - DEBUG - Received MESSAGE_STATE_CHANGED
2013-03-01 21:42:11,723 - DEBUG - GstMessageState
2013-03-01 21:42:11,723 - DEBUG - Received MESSAGE_STATE_CHANGED
2013-03-01 21:42:11,724 - DEBUG - GstMessageState
2013-03-01 21:42:11,724 - DEBUG - Received MESSAGE_STATE_CHANGED
2013-03-01 21:42:11,725 - DEBUG - GstMessageState
2013-03-01 21:42:11,725 - DEBUG - Received MESSAGE_STATE_CHANGED
2013-03-01 21:42:11,725 - DEBUG - GstMessageState
2013-03-01 21:42:11,725 - DEBUG - Received MESSAGE_STATE_CHANGED
2013-03-01 21:42:11,726 - DEBUG - GstMessageState
2013-03-01 21:42:11,726 - DEBUG - Received MESSAGE_STATE_CHANGED
2013-03-01 21:42:11,726 - DEBUG - GstMessageState
2013-03-01 21:42:11,726 - DEBUG - Received MESSAGE_STATE_CHANGED
2013-03-01 21:42:11,727 - DEBUG - GstMessageState
2013-03-01 21:42:11,727 - DEBUG - Received MESSAGE_STATE_CHANGED
2013-03-01 21:42:11,727 - DEBUG - GstMessageState
2013-03-01 21:42:11,728 - DEBUG - Received MESSAGE_STATE_CHANGED
2013-03-01 21:42:11,728 - DEBUG - GstMessageState
2013-03-01 21:42:11,728 - DEBUG - Received MESSAGE_STATE_CHANGED
2013-03-01 21:42:11,755 - DEBUG - GstMessageBuffering
2013-03-01 21:42:11,756 - DEBUG - GstMessageBuffering
2013-03-01 21:42:11,757 - DEBUG - GstMessageState
2013-03-01 21:42:11,758 - DEBUG - Received MESSAGE_STATE_CHANGED
2013-03-01 21:42:11,758 - DEBUG - playing
2013-03-01 21:42:11,763 - DEBUG - GstMessageState
2013-03-01 21:42:11,764 - DEBUG - Received MESSAGE_STATE_CHANGED
2013-03-01 21:42:11,764 - DEBUG - playing
2013-03-01 21:42:11,771 - DEBUG - GstMessageState
2013-03-01 21:42:11,772 - DEBUG - Received MESSAGE_STATE_CHANGED
2013-03-01 21:42:11,772 - DEBUG - playing
2013-03-01 21:42:11,777 - DEBUG - GstMessageState
2013-03-01 21:42:11,778 - DEBUG - Received MESSAGE_STATE_CHANGED
2013-03-01 21:42:11,778 - DEBUG - playing
2013-03-01 21:42:11,783 - DEBUG - GstMessageState
2013-03-01 21:42:11,783 - DEBUG - Received MESSAGE_STATE_CHANGED
2013-03-01 21:42:11,784 - DEBUG - playing
2013-03-01 21:42:11,789 - DEBUG - GstMessageState
2013-03-01 21:42:11,789 - DEBUG - Received MESSAGE_STATE_CHANGED
2013-03-01 21:42:11,790 - DEBUG - playing
2013-03-01 21:42:11,795 - DEBUG - GstMessageState
2013-03-01 21:42:11,795 - DEBUG - Received MESSAGE_STATE_CHANGED
2013-03-01 21:42:11,795 - DEBUG - playing
2013-03-01 21:42:11,801 - DEBUG - GstMessageState
2013-03-01 21:42:11,801 - DEBUG - Received MESSAGE_STATE_CHANGED
2013-03-01 21:42:11,801 - DEBUG - playing
2013-03-01 21:42:11,806 - DEBUG - GstMessageState
2013-03-01 21:42:11,807 - DEBUG - Received MESSAGE_STATE_CHANGED
2013-03-01 21:42:11,807 - DEBUG - playing
2013-03-01 21:42:11,812 - DEBUG - GstMessageState
2013-03-01 21:42:11,813 - DEBUG - Received MESSAGE_STATE_CHANGED
2013-03-01 21:42:11,813 - DEBUG - playing
2013-03-01 21:42:11,818 - DEBUG - GstMessageState
2013-03-01 21:42:11,819 - DEBUG - Received MESSAGE_STATE_CHANGED
2013-03-01 21:42:11,820 - DEBUG - playing
2013-03-01 21:42:11,825 - DEBUG - GstMessageState
2013-03-01 21:42:11,826 - DEBUG - Received MESSAGE_STATE_CHANGED
2013-03-01 21:42:11,826 - DEBUG - playing
2013-03-01 21:42:11,831 - DEBUG - GstMessageState
2013-03-01 21:42:11,832 - DEBUG - Received MESSAGE_STATE_CHANGED
2013-03-01 21:42:11,832 - DEBUG - playing
2013-03-01 21:42:11,837 - DEBUG - GstMessageState
2013-03-01 21:42:11,837 - DEBUG - Received MESSAGE_STATE_CHANGED
2013-03-01 21:42:11,838 - DEBUG - playing
2013-03-01 21:42:11,843 - DEBUG - GstMessageState
2013-03-01 21:42:11,843 - DEBUG - Received MESSAGE_STATE_CHANGED
2013-03-01 21:42:11,844 - DEBUG - playing
2013-03-01 21:42:11,849 - DEBUG - GstMessageState
2013-03-01 21:42:11,849 - DEBUG - Received MESSAGE_STATE_CHANGED
2013-03-01 21:42:11,849 - DEBUG - playing
2013-03-01 21:42:11,854 - DEBUG - GstMessageState
2013-03-01 21:42:11,855 - DEBUG - Received MESSAGE_STATE_CHANGED
2013-03-01 21:42:11,855 - DEBUG - playing
2013-03-01 21:42:11,860 - DEBUG - GstMessageState
2013-03-01 21:42:11,861 - DEBUG - Received MESSAGE_STATE_CHANGED
2013-03-01 21:42:11,861 - DEBUG - playing
2013-03-01 21:42:11,867 - DEBUG - GstMessageState
2013-03-01 21:42:11,867 - DEBUG - Received MESSAGE_STATE_CHANGED
2013-03-01 21:42:11,868 - DEBUG - playing
2013-03-01 21:42:11,873 - DEBUG - GstMessageState
2013-03-01 21:42:11,873 - DEBUG - Received MESSAGE_STATE_CHANGED
2013-03-01 21:42:11,873 - DEBUG - playing
2013-03-01 21:42:11,879 - DEBUG - GstMessageState
2013-03-01 21:42:11,879 - DEBUG - Received MESSAGE_STATE_CHANGED
2013-03-01 21:42:11,879 - DEBUG - playing
2013-03-01 21:42:11,884 - DEBUG - GstMessageState
2013-03-01 21:42:11,885 - DEBUG - Received MESSAGE_STATE_CHANGED
2013-03-01 21:42:11,885 - DEBUG - playing
2013-03-01 21:42:11,890 - DEBUG - GstMessageStreamStatus
2013-03-01 21:42:11,891 - DEBUG - GstMessageBuffering
2013-03-01 21:42:11,892 - DEBUG - GstMessageBuffering
2013-03-01 21:42:11,893 - DEBUG - GstMessageBuffering
2013-03-01 21:42:11,946 - DEBUG - GstMessageBuffering
2013-03-01 21:42:12,051 - DEBUG - GstMessageBuffering
2013-03-01 21:42:12,107 - DEBUG - GstMessageBuffering
2013-03-01 21:42:12,123 - DEBUG - GstMessageBuffering
2013-03-01 21:42:12,125 - DEBUG - GstMessageBuffering
2013-03-01 21:42:12,194 - DEBUG - GstMessageBuffering
2013-03-01 21:42:12,249 - DEBUG - GstMessageBuffering
2013-03-01 21:42:12,265 - DEBUG - GstMessageBuffering
2013-03-01 21:42:12,338 - DEBUG - GstMessageBuffering
2013-03-01 21:42:12,403 - DEBUG - GstMessageBuffering
2013-03-01 21:42:12,416 - DEBUG - GstMessageBuffering
2013-03-01 21:42:12,465 - DEBUG - GstMessageBuffering
2013-03-01 21:42:12,474 - DEBUG - GstMessageBuffering
2013-03-01 21:42:12,540 - DEBUG - GstMessageBuffering
2013-03-01 21:42:12,544 - DEBUG - GstMessageBuffering
2013-03-01 21:42:12,608 - DEBUG - GstMessageBuffering
2013-03-01 21:42:12,614 - DEBUG - GstMessageBuffering
2013-03-01 21:42:12,684 - DEBUG - GstMessageBuffering
2013-03-01 21:42:12,731 - DEBUG - GstMessageBuffering
2013-03-01 21:42:12,754 - DEBUG - GstMessageBuffering
2013-03-01 21:42:12,785 - DEBUG - GstMessageBuffering
2013-03-01 21:42:12,825 - DEBUG - GstMessageBuffering
2013-03-01 21:42:12,831 - DEBUG - GstMessageBuffering
2013-03-01 21:42:12,895 - DEBUG - GstMessageBuffering
2013-03-01 21:42:12,956 - DEBUG - GstMessageBuffering
2013-03-01 21:42:13,017 - DEBUG - GstMessageBuffering
2013-03-01 21:42:13,034 - DEBUG - GstMessageBuffering
2013-03-01 21:42:13,105 - DEBUG - GstMessageBuffering
2013-03-01 21:42:13,112 - DEBUG - GstMessageBuffering
2013-03-01 21:42:13,113 - DEBUG - GstMessageBuffering
2013-03-01 21:42:13,174 - DEBUG - GstMessageBuffering
2013-03-01 21:42:13,245 - DEBUG - GstMessageBuffering
2013-03-01 21:42:13,307 - DEBUG - GstMessageBuffering
2013-03-01 21:42:13,316 - DEBUG - GstMessageBuffering
2013-03-01 21:42:13,386 - DEBUG - GstMessageBuffering
2013-03-01 21:42:13,429 - DEBUG - GstMessageBuffering
2013-03-01 21:42:13,455 - DEBUG - GstMessageBuffering
2013-03-01 21:42:13,515 - DEBUG - GstMessageBuffering
2013-03-01 21:42:13,526 - DEBUG - GstMessageBuffering
2013-03-01 21:42:13,591 - DEBUG - GstMessageBuffering
2013-03-01 21:42:13,596 - DEBUG - GstMessageBuffering
2013-03-01 21:42:13,736 - DEBUG - GstMessageBuffering
2013-03-01 21:42:13,806 - DEBUG - GstMessageBuffering
2013-03-01 21:42:13,809 - DEBUG - GstMessageState
2013-03-01 21:42:13,809 - DEBUG - Received MESSAGE_STATE_CHANGED
2013-03-01 21:42:13,810 - DEBUG - GstMessageState
2013-03-01 21:42:13,810 - DEBUG - Received MESSAGE_STATE_CHANGED
2013-03-01 21:42:13,810 - DEBUG - GstMessageState
2013-03-01 21:42:13,810 - DEBUG - Received MESSAGE_STATE_CHANGED
2013-03-01 21:42:13,811 - DEBUG - GstMessageState
2013-03-01 21:42:13,811 - DEBUG - Received MESSAGE_STATE_CHANGED
2013-03-01 21:42:13,811 - DEBUG - GstMessageState
2013-03-01 21:42:13,811 - DEBUG - Received MESSAGE_STATE_CHANGED
2013-03-01 21:42:13,812 - DEBUG - GstMessageState
2013-03-01 21:42:13,812 - DEBUG - Received MESSAGE_STATE_CHANGED
2013-03-01 21:42:13,812 - DEBUG - GstMessageState
2013-03-01 21:42:13,813 - DEBUG - Received MESSAGE_STATE_CHANGED
2013-03-01 21:42:13,813 - DEBUG - GstMessageState
2013-03-01 21:42:13,813 - DEBUG - Received MESSAGE_STATE_CHANGED
2013-03-01 21:42:13,813 - DEBUG - GstMessageState
2013-03-01 21:42:13,814 - DEBUG - Received MESSAGE_STATE_CHANGED
2013-03-01 21:42:13,814 - DEBUG - GstMessageState
2013-03-01 21:42:13,814 - DEBUG - Received MESSAGE_STATE_CHANGED
2013-03-01 21:42:13,815 - DEBUG - GstMessageState
2013-03-01 21:42:13,815 - DEBUG - Received MESSAGE_STATE_CHANGED
2013-03-01 21:42:13,815 - DEBUG - GstMessageState
2013-03-01 21:42:13,815 - DEBUG - Received MESSAGE_STATE_CHANGED
2013-03-01 21:42:13,816 - DEBUG - GstMessageState
2013-03-01 21:42:13,816 - DEBUG - Received MESSAGE_STATE_CHANGED
2013-03-01 21:42:13,816 - DEBUG - GstMessageState
2013-03-01 21:42:13,816 - DEBUG - Received MESSAGE_STATE_CHANGED
2013-03-01 21:42:13,817 - DEBUG - GstMessageState
2013-03-01 21:42:13,817 - DEBUG - Received MESSAGE_STATE_CHANGED
2013-03-01 21:42:13,817 - DEBUG - GstMessageState
2013-03-01 21:42:13,818 - DEBUG - Received MESSAGE_STATE_CHANGED
2013-03-01 21:42:13,818 - DEBUG - GstMessageState
2013-03-01 21:42:13,818 - DEBUG - Received MESSAGE_STATE_CHANGED
2013-03-01 21:42:13,818 - DEBUG - GstMessageState
2013-03-01 21:42:13,819 - DEBUG - Received MESSAGE_STATE_CHANGED
2013-03-01 21:42:13,819 - DEBUG - GstMessageState
2013-03-01 21:42:13,819 - DEBUG - Received MESSAGE_STATE_CHANGED
2013-03-01 21:42:13,820 - DEBUG - GstMessageState
2013-03-01 21:42:13,820 - DEBUG - Received MESSAGE_STATE_CHANGED
2013-03-01 21:42:13,820 - DEBUG - GstMessageState
2013-03-01 21:42:13,820 - DEBUG - Received MESSAGE_STATE_CHANGED
2013-03-01 21:42:13,821 - DEBUG - GstMessageState
2013-03-01 21:42:13,821 - DEBUG - Received MESSAGE_STATE_CHANGED
2013-03-01 21:42:14,321 - DEBUG - GstMessageBuffering
2013-03-01 21:42:14,323 - DEBUG - GstMessageBuffering
2013-03-01 21:42:14,325 - DEBUG - GstMessageState
2013-03-01 21:42:14,325 - DEBUG - Received MESSAGE_STATE_CHANGED
2013-03-01 21:42:14,325 - DEBUG - playing
2013-03-01 21:42:14,331 - DEBUG - GstMessageState
2013-03-01 21:42:14,331 - DEBUG - Received MESSAGE_STATE_CHANGED
2013-03-01 21:42:14,331 - DEBUG - playing
2013-03-01 21:42:14,337 - DEBUG - GstMessageState
2013-03-01 21:42:14,337 - DEBUG - Received MESSAGE_STATE_CHANGED
2013-03-01 21:42:14,337 - DEBUG - playing
2013-03-01 21:42:14,342 - DEBUG - GstMessageState
2013-03-01 21:42:14,343 - DEBUG - Received MESSAGE_STATE_CHANGED
2013-03-01 21:42:14,343 - DEBUG - playing
2013-03-01 21:42:14,348 - DEBUG - GstMessageState
2013-03-01 21:42:14,349 - DEBUG - Received MESSAGE_STATE_CHANGED
2013-03-01 21:42:14,349 - DEBUG - playing
2013-03-01 21:42:14,354 - DEBUG - GstMessageState
2013-03-01 21:42:14,355 - DEBUG - Received MESSAGE_STATE_CHANGED
2013-03-01 21:42:14,355 - DEBUG - playing
2013-03-01 21:42:14,360 - DEBUG - GstMessageState
2013-03-01 21:42:14,361 - DEBUG - Received MESSAGE_STATE_CHANGED
2013-03-01 21:42:14,361 - DEBUG - playing
2013-03-01 21:42:14,366 - DEBUG - GstMessageState
2013-03-01 21:42:14,366 - DEBUG - Received MESSAGE_STATE_CHANGED
2013-03-01 21:42:14,367 - DEBUG - playing
2013-03-01 21:42:14,372 - DEBUG - GstMessageState
2013-03-01 21:42:14,372 - DEBUG - Received MESSAGE_STATE_CHANGED
2013-03-01 21:42:14,373 - DEBUG - playing
2013-03-01 21:42:14,378 - DEBUG - GstMessageState
2013-03-01 21:42:14,378 - DEBUG - Received MESSAGE_STATE_CHANGED
2013-03-01 21:42:14,378 - DEBUG - playing
2013-03-01 21:42:14,384 - DEBUG - GstMessageState
2013-03-01 21:42:14,384 - DEBUG - Received MESSAGE_STATE_CHANGED
2013-03-01 21:42:14,384 - DEBUG - playing
2013-03-01 21:42:14,391 - DEBUG - GstMessageState
2013-03-01 21:42:14,391 - DEBUG - Received MESSAGE_STATE_CHANGED
2013-03-01 21:42:14,392 - DEBUG - playing
2013-03-01 21:42:14,397 - DEBUG - GstMessageState
2013-03-01 21:42:14,397 - DEBUG - Received MESSAGE_STATE_CHANGED
2013-03-01 21:42:14,397 - DEBUG - playing
2013-03-01 21:42:14,403 - DEBUG - GstMessageState
2013-03-01 21:42:14,403 - DEBUG - Received MESSAGE_STATE_CHANGED
2013-03-01 21:42:14,403 - DEBUG - playing
2013-03-01 21:42:14,408 - DEBUG - GstMessageState
2013-03-01 21:42:14,409 - DEBUG - Received MESSAGE_STATE_CHANGED
2013-03-01 21:42:14,409 - DEBUG - playing
2013-03-01 21:42:14,416 - DEBUG - GstMessageState
2013-03-01 21:42:14,416 - DEBUG - Received MESSAGE_STATE_CHANGED
2013-03-01 21:42:14,416 - DEBUG - playing
2013-03-01 21:42:14,418 - DEBUG - GstMessageState
2013-03-01 21:42:14,419 - DEBUG - Received MESSAGE_STATE_CHANGED
2013-03-01 21:42:14,419 - DEBUG - playing
2013-03-01 21:42:14,421 - DEBUG - GstMessageState
2013-03-01 21:42:14,421 - DEBUG - Received MESSAGE_STATE_CHANGED
2013-03-01 21:42:14,421 - DEBUG - playing
2013-03-01 21:42:14,423 - DEBUG - GstMessageState
2013-03-01 21:42:14,424 - DEBUG - Received MESSAGE_STATE_CHANGED
2013-03-01 21:42:14,424 - DEBUG - playing
2013-03-01 21:42:14,426 - DEBUG - GstMessageState
2013-03-01 21:42:14,426 - DEBUG - Received MESSAGE_STATE_CHANGED
2013-03-01 21:42:14,426 - DEBUG - playing
2013-03-01 21:42:14,429 - DEBUG - GstMessageState
2013-03-01 21:42:14,429 - DEBUG - Received MESSAGE_STATE_CHANGED
2013-03-01 21:42:14,429 - DEBUG - playing
2013-03-01 21:42:14,431 - DEBUG - GstMessageState
2013-03-01 21:42:14,431 - DEBUG - Received MESSAGE_STATE_CHANGED
2013-03-01 21:42:14,432 - DEBUG - playing
2013-03-01 21:42:14,434 - DEBUG - GstMessageStreamStatus
2013-03-01 21:42:14,434 - DEBUG - GstMessageBuffering
2013-03-01 21:42:14,615 - DEBUG - GstMessageBuffering
2013-03-01 21:42:14,617 - DEBUG - GstMessageBuffering
2013-03-01 21:42:14,691 - DEBUG - GstMessageBuffering
2013-03-01 21:42:14,900 - DEBUG - GstMessageBuffering
2013-03-01 21:42:14,908 - DEBUG - GstMessageBuffering
2013-03-01 21:42:14,910 - DEBUG - GstMessageBuffering
2013-03-01 21:42:14,911 - DEBUG - GstMessageBuffering
2013-03-01 21:42:14,970 - DEBUG - GstMessageBuffering
2013-03-01 21:42:15,041 - DEBUG - GstMessageBuffering
2013-03-01 21:42:15,180 - DEBUG - GstMessageBuffering
2013-03-01 21:42:15,201 - DEBUG - GstMessageBuffering
2013-03-01 21:42:15,203 - DEBUG - GstMessageBuffering
2013-03-01 21:42:15,204 - DEBUG - GstMessageBuffering
2013-03-01 21:42:15,250 - DEBUG - GstMessageBuffering
2013-03-01 21:42:15,321 - DEBUG - GstMessageBuffering
2013-03-01 21:42:15,392 - DEBUG - GstMessageBuffering
2013-03-01 21:42:15,499 - DEBUG - GstMessageBuffering
2013-03-01 21:42:15,500 - DEBUG - GstMessageBuffering
2013-03-01 21:42:15,502 - DEBUG - GstMessageBuffering
2013-03-01 21:42:15,531 - DEBUG - GstMessageBuffering
2013-03-01 21:42:15,601 - DEBUG - GstMessageBuffering
2013-03-01 21:42:15,741 - DEBUG - GstMessageBuffering
2013-03-01 21:42:15,797 - DEBUG - GstMessageBuffering
2013-03-01 21:42:15,799 - DEBUG - GstMessageBuffering
2013-03-01 21:42:15,811 - DEBUG - GstMessageBuffering
2013-03-01 21:42:15,882 - DEBUG - GstMessageBuffering
2013-03-01 21:42:16,086 - DEBUG - GstMessageBuffering
2013-03-01 21:42:16,088 - DEBUG - GstMessageBuffering
2013-03-01 21:42:16,089 - DEBUG - GstMessageBuffering
2013-03-01 21:42:16,092 - DEBUG - GstMessageBuffering
2013-03-01 21:42:16,123 - DEBUG - GstMessageBuffering
2013-03-01 21:42:16,163 - DEBUG - GstMessageBuffering
2013-03-01 21:42:16,233 - DEBUG - GstMessageBuffering
2013-03-01 21:42:16,303 - DEBUG - GstMessageBuffering
2013-03-01 21:42:16,383 - DEBUG - GstMessageBuffering
2013-03-01 21:42:16,384 - DEBUG - GstMessageBuffering
2013-03-01 21:42:16,385 - DEBUG - GstMessageBuffering
2013-03-01 21:42:16,436 - DEBUG - GstMessageBuffering
2013-03-01 21:42:16,442 - DEBUG - GstMessageBuffering
2013-03-01 21:42:16,513 - DEBUG - GstMessageBuffering
2013-03-01 21:42:16,583 - DEBUG - GstMessageBuffering
2013-03-01 21:42:16,672 - DEBUG - GstMessageBuffering
2013-03-01 21:42:16,673 - DEBUG - GstMessageBuffering
2013-03-01 21:42:16,674 - DEBUG - GstMessageBuffering
2013-03-01 21:42:16,675 - DEBUG - GstMessageBuffering
2013-03-01 21:42:16,723 - DEBUG - GstMessageBuffering
2013-03-01 21:42:16,793 - DEBUG - GstMessageBuffering
2013-03-01 21:42:16,814 - DEBUG - GstMessageBuffering
2013-03-01 21:42:16,864 - DEBUG - GstMessageBuffering
2013-03-01 21:42:16,934 - DEBUG - GstMessageBuffering
2013-03-01 21:42:16,962 - DEBUG - GstMessageBuffering
2013-03-01 21:42:16,964 - DEBUG - GstMessageBuffering
2013-03-01 21:42:16,968 - DEBUG - GstMessageBuffering
2013-03-01 21:42:16,969 - DEBUG - GstMessageBuffering
2013-03-01 21:42:16,970 - DEBUG - GstMessageBuffering
2013-03-01 21:42:16,971 - DEBUG - GstMessageBuffering
2013-03-01 21:42:17,074 - DEBUG - GstMessageBuffering
2013-03-01 21:42:17,144 - DEBUG - GstMessageBuffering
2013-03-01 21:42:17,251 - DEBUG - GstMessageBuffering
2013-03-01 21:42:17,252 - DEBUG - GstMessageBuffering
2013-03-01 21:42:17,281 - DEBUG - GstMessageBuffering
2013-03-01 21:42:17,282 - DEBUG - GstMessageBuffering
2013-03-01 21:42:17,284 - DEBUG - GstMessageBuffering
2013-03-01 21:42:17,286 - DEBUG - GstMessageBuffering
2013-03-01 21:42:17,354 - DEBUG - GstMessageBuffering
2013-03-01 21:42:17,424 - DEBUG - GstMessageBuffering
2013-03-01 21:42:17,495 - DEBUG - GstMessageBuffering
2013-03-01 21:42:17,567 - DEBUG - GstMessageBuffering
2013-03-01 21:42:17,569 - DEBUG - GstMessageBuffering
2013-03-01 21:42:17,570 - DEBUG - GstMessageBuffering
2013-03-01 21:42:17,582 - DEBUG - GstMessageBuffering
2013-03-01 21:42:17,634 - DEBUG - GstMessageBuffering
2013-03-01 21:42:17,704 - DEBUG - GstMessageBuffering
2013-03-01 21:42:17,765 - DEBUG - GstMessageBuffering
2013-03-01 21:42:17,767 - DEBUG - GstMessageBuffering
2013-03-01 21:42:17,775 - DEBUG - GstMessageBuffering
2013-03-01 21:42:17,846 - DEBUG - GstMessageBuffering
2013-03-01 21:42:17,867 - DEBUG - GstMessageBuffering
2013-03-01 21:42:17,892 - DEBUG - GstMessageBuffering
2013-03-01 21:42:17,893 - DEBUG - GstMessageBuffering
2013-03-01 21:42:18,056 - DEBUG - GstMessageBuffering
2013-03-01 21:42:18,126 - DEBUG - GstMessageBuffering
2013-03-01 21:42:18,197 - DEBUG - GstMessageBuffering
2013-03-01 21:42:18,249 - DEBUG - GstMessageBuffering
2013-03-01 21:42:18,266 - DEBUG - GstMessageBuffering
2013-03-01 21:42:18,336 - DEBUG - GstMessageBuffering
2013-03-01 21:42:18,433 - DEBUG - GstMessageBuffering
2013-03-01 21:42:18,462 - DEBUG - GstMessageBuffering
2013-03-01 21:42:18,510 - DEBUG - GstMessageBuffering
2013-03-01 21:42:18,533 - DEBUG - GstMessageBuffering
2013-03-01 21:42:18,536 - DEBUG - GstMessageBuffering
2013-03-01 21:42:18,582 - DEBUG - GstMessageBuffering
2013-03-01 21:42:18,603 - DEBUG - GstMessageBuffering
2013-03-01 21:42:18,624 - DEBUG - GstMessageBuffering
2013-03-01 21:42:18,742 - DEBUG - GstMessageBuffering
2013-03-01 21:42:18,744 - DEBUG - GstMessageBuffering
2013-03-01 21:42:18,772 - DEBUG - GstMessageBuffering
2013-03-01 21:42:18,813 - DEBUG - GstMessageBuffering
2013-03-01 21:42:18,839 - DEBUG - GstMessageBuffering
2013-03-01 21:42:18,877 - DEBUG - GstMessageBuffering
2013-03-01 21:42:19,023 - DEBUG - GstMessageBuffering
2013-03-01 21:42:19,056 - DEBUG - GstMessageBuffering
2013-03-01 21:42:19,057 - DEBUG - GstMessageBuffering
2013-03-01 21:42:19,093 - DEBUG - GstMessageBuffering
2013-03-01 21:42:19,137 - DEBUG - GstMessageBuffering
2013-03-01 21:42:19,209 - DEBUG - GstMessageBuffering
2013-03-01 21:42:19,233 - DEBUG - GstMessageBuffering
2013-03-01 21:42:19,374 - DEBUG - GstMessageBuffering
2013-03-01 21:42:19,444 - DEBUG - GstMessageBuffering
2013-03-01 21:42:19,468 - DEBUG - GstMessageBuffering
2013-03-01 21:42:19,540 - DEBUG - GstMessageBuffering
2013-03-01 21:42:19,541 - DEBUG - GstMessageBuffering
2013-03-01 21:42:19,542 - DEBUG - GstMessageBuffering
2013-03-01 21:42:19,654 - DEBUG - GstMessageBuffering
2013-03-01 21:42:19,657 - DEBUG - GstMessageBuffering
2013-03-01 21:42:19,725 - DEBUG - GstMessageBuffering
2013-03-01 21:42:19,780 - DEBUG - GstMessageBuffering
2013-03-01 21:42:19,794 - DEBUG - GstMessageBuffering
2013-03-01 21:42:19,854 - DEBUG - GstMessageBuffering
2013-03-01 21:42:19,865 - DEBUG - GstMessageBuffering
2013-03-01 21:42:19,934 - DEBUG - GstMessageBuffering
2013-03-01 21:42:19,956 - DEBUG - GstMessageBuffering
2013-03-01 21:42:19,957 - DEBUG - GstMessageBuffering
2013-03-01 21:42:20,074 - DEBUG - GstMessageBuffering
2013-03-01 21:42:20,091 - DEBUG - GstMessageBuffering
2013-03-01 21:42:20,113 - DEBUG - GstMessageBuffering
2013-03-01 21:42:20,145 - DEBUG - GstMessageBuffering
2013-03-01 21:42:20,146 - DEBUG - GstMessageBuffering
2013-03-01 21:42:20,280 - DEBUG - GstMessageBuffering
2013-03-01 21:42:20,285 - DEBUG - GstMessageBuffering
2013-03-01 21:42:20,355 - DEBUG - GstMessageBuffering
2013-03-01 21:42:20,391 - DEBUG - GstMessageBuffering
2013-03-01 21:42:20,425 - DEBUG - GstMessageBuffering
2013-03-01 21:42:20,470 - DEBUG - GstMessageBuffering
2013-03-01 21:42:20,495 - DEBUG - GstMessageBuffering
2013-03-01 21:42:20,566 - DEBUG - GstMessageBuffering
2013-03-01 21:42:20,636 - DEBUG - GstMessageBuffering
2013-03-01 21:42:20,650 - DEBUG - GstMessageBuffering
2013-03-01 21:42:20,651 - DEBUG - GstMessageBuffering
2013-03-01 21:42:20,687 - DEBUG - GstMessageBuffering
2013-03-01 21:42:20,707 - DEBUG - GstMessageBuffering
2013-03-01 21:42:20,934 - DEBUG - GstMessageBuffering
2013-03-01 21:42:20,936 - DEBUG - GstMessageBuffering
2013-03-01 21:42:20,937 - DEBUG - GstMessageBuffering
2013-03-01 21:42:20,987 - DEBUG - GstMessageBuffering
2013-03-01 21:42:20,989 - DEBUG - GstMessageBuffering
2013-03-01 21:42:21,057 - DEBUG - GstMessageBuffering
2013-03-01 21:42:21,196 - DEBUG - GstMessageBuffering
2013-03-01 21:42:21,266 - DEBUG - GstMessageBuffering
2013-03-01 21:42:21,277 - DEBUG - GstMessageBuffering
2013-03-01 21:42:21,337 - DEBUG - GstMessageBuffering
2013-03-01 21:42:21,463 - DEBUG - GstMessageBuffering
2013-03-01 21:42:21,480 - DEBUG - GstMessageBuffering
2013-03-01 21:42:21,482 - DEBUG - GstMessageBuffering
2013-03-01 21:42:21,482 - DEBUG - GstMessageBuffering
2013-03-01 21:42:21,534 - DEBUG - GstMessageBuffering
2013-03-01 21:42:21,535 - DEBUG - GstMessageBuffering
2013-03-01 21:42:21,604 - DEBUG - GstMessageBuffering
2013-03-01 21:42:21,674 - DEBUG - GstMessageBuffering
2013-03-01 21:42:21,735 - DEBUG - GstMessageBuffering
2013-03-01 21:42:21,736 - DEBUG - GstMessageBuffering
2013-03-01 21:42:21,815 - DEBUG - GstMessageBuffering
2013-03-01 21:42:21,818 - DEBUG - GstMessageBuffering
2013-03-01 21:42:21,856 - DEBUG - GstMessageBuffering
2013-03-01 21:42:21,884 - DEBUG - GstMessageBuffering
2013-03-01 21:42:21,955 - DEBUG - GstMessageBuffering
2013-03-01 21:42:21,993 - DEBUG - GstMessageBuffering
2013-03-01 21:42:22,025 - DEBUG - GstMessageBuffering
2013-03-01 21:42:22,043 - DEBUG - GstMessageBuffering
2013-03-01 21:42:22,044 - DEBUG - GstMessageBuffering
2013-03-01 21:42:22,046 - DEBUG - GstMessageBuffering
2013-03-01 21:42:22,047 - DEBUG - GstMessageBuffering
2013-03-01 21:42:22,165 - DEBUG - GstMessageBuffering
2013-03-01 21:42:22,235 - DEBUG - GstMessageBuffering
2013-03-01 21:42:22,305 - DEBUG - GstMessageBuffering
2013-03-01 21:42:22,375 - DEBUG - GstMessageBuffering
2013-03-01 21:42:22,446 - DEBUG - GstMessageBuffering
2013-03-01 21:42:22,464 - DEBUG - GstMessageBuffering
2013-03-01 21:42:22,465 - DEBUG - GstMessageBuffering
2013-03-01 21:42:22,466 - DEBUG - GstMessageBuffering
2013-03-01 21:42:22,516 - DEBUG - GstMessageBuffering
2013-03-01 21:42:22,526 - DEBUG - GstMessageBuffering
2013-03-01 21:42:22,586 - DEBUG - GstMessageBuffering
2013-03-01 21:42:22,760 - DEBUG - GstMessageBuffering
2013-03-01 21:42:22,761 - DEBUG - GstMessageBuffering
2013-03-01 21:42:22,762 - DEBUG - GstMessageBuffering
2013-03-01 21:42:22,763 - DEBUG - GstMessageBuffering
2013-03-01 21:42:22,796 - DEBUG - GstMessageBuffering
2013-03-01 21:42:22,848 - DEBUG - GstMessageBuffering
2013-03-01 21:42:22,849 - DEBUG - GstMessageBuffering
2013-03-01 21:42:22,936 - DEBUG - GstMessageBuffering
2013-03-01 21:42:23,074 - DEBUG - GstMessageBuffering
2013-03-01 21:42:23,076 - DEBUG - GstMessageBuffering
2013-03-01 21:42:23,077 - DEBUG - GstMessageBuffering
2013-03-01 21:42:23,079 - DEBUG - GstMessageBuffering
2013-03-01 21:42:23,080 - DEBUG - GstMessageBuffering
2013-03-01 21:42:23,081 - DEBUG - GstMessageBuffering
2013-03-01 21:42:23,082 - DEBUG - GstMessageBuffering
2013-03-01 21:42:28,167 - DEBUG - taglist
2013-03-01 21:44:32,542 - DEBUG - GstMessageBuffering
2013-03-01 21:44:32,543 - DEBUG - GstMessageBuffering
2013-03-01 21:44:32,545 - DEBUG - GstMessageBuffering
2013-03-01 21:44:32,546 - DEBUG - GstMessageBuffering
2013-03-01 21:44:32,547 - DEBUG - GstMessageBuffering
2013-03-01 21:44:32,547 - DEBUG - GstMessageBuffering
2013-03-01 21:44:32,548 - DEBUG - GstMessageBuffering
2013-03-01 21:44:32,549 - DEBUG - GstMessageBuffering
2013-03-01 21:44:32,550 - DEBUG - GstMessageBuffering
2013-03-01 21:44:32,551 - DEBUG - GstMessageBuffering
2013-03-01 21:44:32,552 - DEBUG - GstMessageBuffering
2013-03-01 21:44:32,553 - DEBUG - GstMessageBuffering
2013-03-01 21:44:32,822 - DEBUG - GstMessageBuffering
2013-03-01 21:44:32,841 - DEBUG - GstMessageBuffering
2013-03-01 21:44:32,843 - DEBUG - GstMessageBuffering
2013-03-01 21:44:33,140 - DEBUG - GstMessageBuffering
2013-03-01 21:44:33,141 - DEBUG - GstMessageBuffering
2013-03-01 21:44:33,143 - DEBUG - GstMessageBuffering
2013-03-01 21:44:33,147 - DEBUG - GstMessageBuffering
2013-03-01 21:44:33,313 - DEBUG - GstMessageBuffering
2013-03-01 21:44:33,459 - DEBUG - GstMessageBuffering
2013-03-01 21:44:33,463 - DEBUG - GstMessageBuffering
2013-03-01 21:44:33,464 - DEBUG - GstMessageBuffering
2013-03-01 21:44:33,466 - DEBUG - GstMessageBuffering
2013-03-01 21:44:33,581 - DEBUG - GstMessageBuffering
2013-03-01 21:44:33,792 - DEBUG - GstMessageBuffering
2013-03-01 21:44:33,801 - DEBUG - GstMessageBuffering
2013-03-01 21:44:33,803 - DEBUG - GstMessageBuffering
2013-03-01 21:44:33,805 - DEBUG - GstMessageBuffering
2013-03-01 21:44:33,806 - DEBUG - GstMessageBuffering
2013-03-01 21:44:34,094 - DEBUG - GstMessageBuffering
2013-03-01 21:44:34,095 - DEBUG - GstMessageBuffering
2013-03-01 21:44:34,098 - DEBUG - GstMessageBuffering
2013-03-01 21:44:34,099 - DEBUG - GstMessageBuffering
2013-03-01 21:44:34,100 - DEBUG - GstMessageBuffering
2013-03-01 21:44:34,352 - DEBUG - GstMessageBuffering
2013-03-01 21:44:34,433 - DEBUG - GstMessageBuffering
2013-03-01 21:44:34,434 - DEBUG - GstMessageBuffering
2013-03-01 21:44:34,435 - DEBUG - GstMessageBuffering
2013-03-01 21:44:34,436 - DEBUG - GstMessageBuffering
2013-03-01 21:44:34,437 - DEBUG - GstMessageBuffering
2013-03-01 21:44:34,440 - DEBUG - GstMessageBuffering
2013-03-01 21:44:34,752 - DEBUG - GstMessageBuffering
2013-03-01 21:44:34,753 - DEBUG - GstMessageBuffering
2013-03-01 21:44:34,843 - DEBUG - GstMessageBuffering
2013-03-01 21:44:35,123 - DEBUG - GstMessageBuffering
2013-03-01 21:44:35,310 - DEBUG - GstMessageBuffering
2013-03-01 21:44:35,312 - DEBUG - GstMessageBuffering
2013-03-01 21:44:35,313 - DEBUG - GstMessageBuffering
2013-03-01 21:44:35,314 - DEBUG - GstMessageBuffering
2013-03-01 21:44:35,334 - DEBUG - GstMessageBuffering
2013-03-01 21:44:35,606 - DEBUG - GstMessageBuffering
2013-03-01 21:44:35,607 - DEBUG - GstMessageBuffering
2013-03-01 21:44:35,608 - DEBUG - GstMessageBuffering
2013-03-01 21:44:35,614 - DEBUG - GstMessageBuffering
2013-03-01 21:44:35,809 - DEBUG - GstMessageBuffering
2013-03-01 21:44:35,894 - DEBUG - GstMessageBuffering
2013-03-01 21:44:36,070 - DEBUG - GstMessageBuffering
2013-03-01 21:44:36,106 - DEBUG - GstMessageBuffering
2013-03-01 21:44:36,181 - DEBUG - GstMessageBuffering
2013-03-01 21:44:36,385 - DEBUG - GstMessageBuffering
2013-03-01 21:44:36,387 - DEBUG - GstMessageBuffering
2013-03-01 21:44:36,389 - DEBUG - GstMessageBuffering
2013-03-01 21:44:36,521 - DEBUG - GstMessageBuffering
2013-03-01 21:44:36,653 - DEBUG - GstMessageBuffering
2013-03-01 21:44:36,711 - DEBUG - GstMessageBuffering
2013-03-01 21:44:36,767 - DEBUG - GstMessageBuffering
2013-03-01 21:44:36,864 - DEBUG - GstMessageBuffering
2013-03-01 21:44:36,868 - DEBUG - GstMessageBuffering
2013-03-01 21:44:37,101 - DEBUG - GstMessageBuffering
2013-03-01 21:44:37,144 - DEBUG - GstMessageBuffering
2013-03-01 21:44:37,212 - DEBUG - GstMessageBuffering
2013-03-01 21:44:37,215 - DEBUG - GstMessageBuffering
2013-03-01 21:44:37,424 - DEBUG - GstMessageBuffering
2013-03-01 21:44:37,538 - DEBUG - GstMessageBuffering
2013-03-01 21:44:37,635 - DEBUG - GstMessageBuffering
2013-03-01 21:44:37,867 - DEBUG - GstMessageBuffering
2013-03-01 21:46:00,133 - DEBUG - taglist
2013-03-01 21:48:00,175 - DEBUG - taglist
2013-03-01 21:48:09,797 - DEBUG - GstMessageBuffering
2013-03-01 21:48:09,798 - DEBUG - GstMessageBuffering
2013-03-01 21:48:09,799 - DEBUG - GstMessageBuffering
2013-03-01 21:48:10,263 - DEBUG - GstMessageBuffering
2013-03-01 21:48:10,502 - DEBUG - GstMessageBuffering
2013-03-01 21:48:10,873 - DEBUG - GstMessageBuffering
2013-03-01 21:48:11,145 - DEBUG - GstMessageBuffering
2013-03-01 21:48:11,420 - DEBUG - GstMessageBuffering
2013-03-01 21:48:11,549 - DEBUG - GstMessageBuffering
2013-03-01 21:48:11,555 - DEBUG - GstMessageBuffering
2013-03-01 21:48:11,687 - DEBUG - GstMessageBuffering
2013-03-01 21:48:12,103 - DEBUG - GstMessageBuffering
2013-03-01 21:48:12,401 - DEBUG - GstMessageBuffering
2013-03-01 21:48:12,706 - DEBUG - GstMessageBuffering
2013-03-01 21:48:12,867 - DEBUG - GstMessageBuffering
2013-03-01 21:48:12,897 - DEBUG - GstMessageBuffering
2013-03-01 21:48:13,014 - DEBUG - GstMessageBuffering
2013-03-01 21:48:13,307 - DEBUG - GstMessageBuffering
2013-03-01 21:48:13,610 - DEBUG - GstMessageBuffering
2013-03-01 21:48:13,638 - DEBUG - GstMessageBuffering
2013-03-01 21:48:13,798 - DEBUG - GstMessageBuffering
2013-03-01 21:48:13,850 - DEBUG - GstMessageBuffering
2013-03-01 21:48:13,904 - DEBUG - GstMessageBuffering
2013-03-01 21:48:14,148 - DEBUG - GstMessageBuffering
2013-03-01 21:48:14,361 - DEBUG - GstMessageBuffering
2013-03-01 21:48:14,409 - DEBUG - GstMessageBuffering
2013-03-01 21:48:14,591 - DEBUG - GstMessageBuffering
2013-03-01 21:48:14,620 - DEBUG - GstMessageBuffering
2013-03-01 21:48:14,662 - DEBUG - GstMessageBuffering
2013-03-01 21:48:14,874 - DEBUG - GstMessageBuffering
2013-03-01 21:48:14,901 - DEBUG - GstMessageBuffering
2013-03-01 21:48:15,075 - DEBUG - GstMessageBuffering
2013-03-01 21:48:15,181 - DEBUG - GstMessageBuffering
2013-03-01 21:48:15,205 - DEBUG - GstMessageBuffering
2013-03-01 21:48:15,346 - DEBUG - GstMessageBuffering
2013-03-01 21:48:15,392 - DEBUG - GstMessageBuffering
2013-03-01 21:48:15,564 - DEBUG - GstMessageBuffering
2013-03-01 21:48:15,658 - DEBUG - GstMessageBuffering
2013-03-01 21:48:15,775 - DEBUG - GstMessageBuffering
2013-03-01 21:48:15,915 - DEBUG - GstMessageBuffering
2013-03-01 21:48:15,938 - DEBUG - GstMessageBuffering
2013-03-01 21:48:16,150 - DEBUG - GstMessageBuffering
2013-03-01 21:48:16,159 - DEBUG - GstMessageBuffering
2013-03-01 21:48:16,199 - DEBUG - GstMessageBuffering
2013-03-01 21:48:16,335 - DEBUG - GstMessageBuffering
2013-03-01 21:48:16,429 - DEBUG - GstMessageBuffering
2013-03-01 21:48:16,448 - DEBUG - GstMessageBuffering
2013-03-01 21:48:16,710 - DEBUG - GstMessageBuffering
2013-03-01 21:48:16,751 - DEBUG - GstMessageBuffering
2013-03-01 21:48:16,752 - DEBUG - GstMessageBuffering
2013-03-01 21:48:16,990 - DEBUG - GstMessageBuffering
2013-03-01 21:48:17,071 - DEBUG - GstMessageBuffering
2013-03-01 21:48:17,086 - DEBUG - GstMessageBuffering
2013-03-01 21:48:17,184 - DEBUG - GstMessageBuffering
2013-03-01 21:48:17,201 - DEBUG - GstMessageBuffering
2013-03-01 21:48:17,375 - DEBUG - GstMessageBuffering
2013-03-01 21:48:17,377 - DEBUG - GstMessageBuffering
2013-03-01 21:48:17,481 - DEBUG - GstMessageBuffering
2013-03-01 21:48:17,680 - DEBUG - GstMessageBuffering
2013-03-01 21:48:17,687 - DEBUG - GstMessageBuffering
2013-03-01 21:48:17,692 - DEBUG - GstMessageBuffering
2013-03-01 21:48:17,964 - DEBUG - GstMessageBuffering
2013-03-01 21:48:17,972 - DEBUG - GstMessageBuffering
2013-03-01 21:48:17,986 - DEBUG - GstMessageBuffering
2013-03-01 21:48:18,184 - DEBUG - GstMessageBuffering
2013-03-01 21:52:56,157 - DEBUG - taglist
2013-03-01 21:57:32,116 - DEBUG - taglist
2013-03-01 22:00:48,727 - DEBUG - GstMessageBuffering
2013-03-01 22:00:48,729 - DEBUG - GstMessageBuffering
2013-03-01 22:00:48,958 - DEBUG - GstMessageBuffering
2013-03-01 22:00:48,994 - DEBUG - GstMessageBuffering
2013-03-01 22:00:49,240 - DEBUG - GstMessageBuffering
2013-03-01 22:00:49,486 - DEBUG - GstMessageBuffering
2013-03-01 22:00:49,779 - DEBUG - GstMessageBuffering
2013-03-01 22:00:50,101 - DEBUG - GstMessageBuffering
2013-03-01 22:00:50,331 - DEBUG - GstMessageBuffering
2013-03-01 22:00:50,467 - DEBUG - GstMessageBuffering
2013-03-01 22:00:50,551 - DEBUG - GstMessageBuffering
2013-03-01 22:00:50,752 - DEBUG - GstMessageBuffering
2013-03-01 22:00:50,954 - DEBUG - GstMessageBuffering
2013-03-01 22:00:51,213 - DEBUG - GstMessageBuffering
2013-03-01 22:00:51,282 - DEBUG - GstMessageBuffering
2013-03-01 22:00:51,308 - DEBUG - GstMessageBuffering
2013-03-01 22:00:51,582 - DEBUG - GstMessageBuffering
2013-03-01 22:00:51,583 - DEBUG - GstMessageBuffering
2013-03-01 22:00:51,784 - DEBUG - GstMessageBuffering
2013-03-01 22:00:51,846 - DEBUG - GstMessageBuffering
2013-03-01 22:00:51,923 - DEBUG - GstMessageBuffering
2013-03-01 22:00:52,065 - DEBUG - GstMessageBuffering
2013-03-01 22:00:52,213 - DEBUG - GstMessageBuffering
2013-03-01 22:00:52,454 - DEBUG - GstMessageBuffering
2013-03-01 22:00:52,746 - DEBUG - GstMessageBuffering
2013-03-01 22:00:52,836 - DEBUG - GstMessageBuffering
2013-03-01 22:00:52,951 - DEBUG - GstMessageBuffering
2013-03-01 22:00:53,040 - DEBUG - GstMessageBuffering
2013-03-01 22:00:53,047 - DEBUG - GstMessageBuffering
2013-03-01 22:00:53,078 - DEBUG - GstMessageBuffering
2013-03-01 22:00:53,155 - DEBUG - GstMessageBuffering
2013-03-01 22:00:53,327 - DEBUG - GstMessageBuffering
2013-03-01 22:00:53,486 - DEBUG - GstMessageBuffering
2013-03-01 22:00:53,538 - DEBUG - GstMessageBuffering
2013-03-01 22:00:53,718 - DEBUG - GstMessageBuffering
2013-03-01 22:00:53,801 - DEBUG - GstMessageBuffering
2013-03-01 22:00:53,818 - DEBUG - GstMessageBuffering
2013-03-01 22:00:53,923 - DEBUG - GstMessageBuffering
2013-03-01 22:00:54,193 - DEBUG - GstMessageBuffering
2013-03-01 22:00:54,309 - DEBUG - GstMessageBuffering
2013-03-01 22:00:54,323 - DEBUG - GstMessageBuffering
2013-03-01 22:00:54,394 - DEBUG - GstMessageBuffering
2013-03-01 22:00:54,589 - DEBUG - GstMessageBuffering
2013-03-01 22:00:54,598 - DEBUG - GstMessageBuffering
2013-03-01 22:00:54,667 - DEBUG - GstMessageBuffering
2013-03-01 22:00:54,698 - DEBUG - GstMessageBuffering
2013-03-01 22:00:54,856 - DEBUG - GstMessageBuffering
2013-03-01 22:00:54,918 - DEBUG - GstMessageBuffering
2013-03-01 22:00:55,136 - DEBUG - GstMessageBuffering
2013-03-01 22:00:55,223 - DEBUG - GstMessageBuffering
2013-03-01 22:00:55,347 - DEBUG - GstMessageBuffering
2013-03-01 22:00:55,441 - DEBUG - GstMessageBuffering
2013-03-01 22:00:55,627 - DEBUG - GstMessageBuffering
2013-03-01 22:00:55,838 - DEBUG - GstMessageBuffering
2013-03-01 22:00:55,856 - DEBUG - GstMessageBuffering
2013-03-01 22:00:56,101 - DEBUG - GstMessageBuffering
2013-03-01 22:00:56,102 - DEBUG - GstMessageBuffering
2013-03-01 22:00:56,118 - DEBUG - GstMessageBuffering
2013-03-01 22:00:56,399 - DEBUG - GstMessageBuffering
2013-03-01 22:00:56,408 - DEBUG - GstMessageBuffering
2013-03-01 22:00:56,409 - DEBUG - GstMessageBuffering
2013-03-01 22:00:56,410 - DEBUG - GstMessageBuffering
2013-03-01 22:00:56,679 - DEBUG - GstMessageBuffering
2013-03-01 22:00:56,880 - DEBUG - GstMessageBuffering
2013-03-01 22:00:56,890 - DEBUG - GstMessageBuffering
2013-03-01 22:00:56,960 - DEBUG - GstMessageBuffering
2013-03-01 22:00:56,962 - DEBUG - GstMessageBuffering
2013-03-01 22:00:57,104 - DEBUG - GstMessageBuffering
2013-03-01 22:01:32,132 - DEBUG - taglist
2013-03-01 22:04:14,095 - DEBUG - taglist
2013-03-01 22:07:18,060 - DEBUG - taglist
2013-03-01 22:10:38,025 - DEBUG - taglist
2013-03-01 22:13:06,330 - DEBUG - GstMessageBuffering
2013-03-01 22:13:06,331 - DEBUG - GstMessageBuffering
2013-03-01 22:13:06,556 - DEBUG - GstMessageBuffering
2013-03-01 22:13:06,872 - DEBUG - GstMessageBuffering
2013-03-01 22:13:07,134 - DEBUG - GstMessageBuffering
2013-03-01 22:13:07,601 - DEBUG - GstMessageBuffering
2013-03-01 22:13:07,900 - DEBUG - GstMessageBuffering
2013-03-01 22:13:08,196 - DEBUG - GstMessageBuffering
2013-03-01 22:13:08,497 - DEBUG - GstMessageBuffering
2013-03-01 22:13:08,589 - DEBUG - GstMessageBuffering
2013-03-01 22:13:08,716 - DEBUG - GstMessageBuffering
2013-03-01 22:13:09,115 - DEBUG - GstMessageBuffering
2013-03-01 22:13:09,117 - DEBUG - GstMessageBuffering
2013-03-01 22:13:09,190 - DEBUG - GstMessageBuffering
2013-03-01 22:13:09,424 - DEBUG - GstMessageBuffering
2013-03-01 22:13:09,470 - DEBUG - GstMessageBuffering
2013-03-01 22:13:09,513 - DEBUG - GstMessageBuffering
2013-03-01 22:13:09,668 - DEBUG - GstMessageBuffering
2013-03-01 22:13:09,681 - DEBUG - GstMessageBuffering
2013-03-01 22:13:09,898 - DEBUG - GstMessageBuffering
2013-03-01 22:13:09,961 - DEBUG - GstMessageBuffering
2013-03-01 22:13:10,101 - DEBUG - GstMessageBuffering
2013-03-01 22:13:10,427 - DEBUG - GstMessageBuffering
2013-03-01 22:13:10,711 - DEBUG - GstMessageBuffering
2013-03-01 22:13:10,733 - DEBUG - GstMessageBuffering
2013-03-01 22:13:11,013 - DEBUG - GstMessageBuffering
2013-03-01 22:13:11,050 - DEBUG - GstMessageBuffering
2013-03-01 22:13:11,195 - DEBUG - GstMessageBuffering
2013-03-01 22:13:11,223 - DEBUG - GstMessageBuffering
2013-03-01 22:13:11,338 - DEBUG - GstMessageBuffering
2013-03-01 22:13:11,459 - DEBUG - GstMessageBuffering
2013-03-01 22:13:11,503 - DEBUG - GstMessageBuffering
2013-03-01 22:13:11,625 - DEBUG - GstMessageBuffering
2013-03-01 22:13:11,918 - DEBUG - GstMessageBuffering
2013-03-01 22:13:11,982 - DEBUG - GstMessageBuffering
2013-03-01 22:13:12,088 - DEBUG - GstMessageBuffering
2013-03-01 22:13:12,262 - DEBUG - GstMessageBuffering
2013-03-01 22:13:12,335 - DEBUG - GstMessageBuffering
2013-03-01 22:13:12,472 - DEBUG - GstMessageBuffering
2013-03-01 22:13:12,752 - DEBUG - GstMessageBuffering
2013-03-01 22:13:13,033 - DEBUG - GstMessageBuffering
2013-03-01 22:13:13,313 - DEBUG - GstMessageBuffering
2013-03-01 22:13:13,480 - DEBUG - GstMessageBuffering
2013-03-01 22:13:13,524 - DEBUG - GstMessageBuffering
2013-03-01 22:13:13,804 - DEBUG - GstMessageBuffering
2013-03-01 22:13:14,015 - DEBUG - GstMessageBuffering
2013-03-01 22:13:14,088 - DEBUG - GstMessageBuffering
2013-03-01 22:13:14,091 - DEBUG - GstMessageBuffering
2013-03-01 22:13:14,092 - DEBUG - GstMessageBuffering
2013-03-01 22:13:14,295 - DEBUG - GstMessageBuffering
2013-03-01 22:13:14,561 - DEBUG - GstMessageBuffering
2013-03-01 22:13:14,614 - DEBUG - GstMessageBuffering
2013-03-01 22:13:14,618 - DEBUG - GstMessageBuffering
2013-03-01 22:13:14,622 - DEBUG - GstMessageBuffering
2013-03-01 22:13:14,842 - DEBUG - GstMessageBuffering
2013-03-01 22:13:15,053 - DEBUG - GstMessageBuffering
2013-03-01 22:13:15,184 - DEBUG - GstMessageBuffering
2013-03-01 22:14:01,052 - DEBUG - taglist
2013-03-01 22:16:01,025 - DEBUG - taglist
2013-03-01 22:17:13,239 - DEBUG - GstMessageBuffering
2013-03-01 22:17:13,241 - DEBUG - GstMessageBuffering
2013-03-01 22:17:13,242 - DEBUG - GstMessageBuffering
2013-03-01 22:17:13,543 - DEBUG - GstMessageBuffering
2013-03-01 22:17:13,849 - DEBUG - GstMessageBuffering
2013-03-01 22:17:14,118 - DEBUG - GstMessageBuffering
2013-03-01 22:17:14,449 - DEBUG - GstMessageBuffering
2013-03-01 22:17:14,692 - DEBUG - GstMessageBuffering
2013-03-01 22:17:14,778 - DEBUG - GstMessageBuffering
2013-03-01 22:17:14,782 - DEBUG - GstMessageBuffering
2013-03-01 22:17:14,998 - DEBUG - GstMessageBuffering
2013-03-01 22:17:15,325 - DEBUG - GstMessageBuffering
2013-03-01 22:17:15,327 - DEBUG - GstMessageBuffering
2013-03-01 22:17:15,559 - DEBUG - GstMessageBuffering
2013-03-01 22:17:15,891 - DEBUG - GstMessageBuffering
2013-03-01 22:17:16,178 - DEBUG - GstMessageBuffering
2013-03-01 22:17:16,360 - DEBUG - GstMessageBuffering
2013-03-01 22:17:16,454 - DEBUG - GstMessageBuffering
2013-03-01 22:17:16,572 - DEBUG - GstMessageBuffering
2013-03-01 22:17:16,604 - DEBUG - GstMessageBuffering
2013-03-01 22:17:16,740 - DEBUG - GstMessageBuffering
2013-03-01 22:17:17,115 - DEBUG - GstMessageBuffering
2013-03-01 22:17:17,198 - DEBUG - GstMessageBuffering
2013-03-01 22:17:17,209 - DEBUG - GstMessageBuffering
2013-03-01 22:17:17,327 - DEBUG - GstMessageBuffering
2013-03-01 22:17:17,387 - DEBUG - GstMessageBuffering
2013-03-01 22:17:17,506 - DEBUG - GstMessageBuffering
2013-03-01 22:17:17,607 - DEBUG - GstMessageBuffering
2013-03-01 22:17:17,712 - DEBUG - GstMessageBuffering
2013-03-01 22:17:17,861 - DEBUG - GstMessageBuffering
2013-03-01 22:17:18,081 - DEBUG - GstMessageBuffering
2013-03-01 22:17:18,347 - DEBUG - GstMessageBuffering
2013-03-01 22:17:18,371 - DEBUG - GstMessageBuffering
2013-03-01 22:17:18,391 - DEBUG - GstMessageBuffering
2013-03-01 22:17:18,602 - DEBUG - GstMessageBuffering
2013-03-01 22:17:18,671 - DEBUG - GstMessageBuffering
2013-03-01 22:17:18,779 - DEBUG - GstMessageBuffering
2013-03-01 22:17:18,859 - DEBUG - GstMessageBuffering
2013-03-01 22:17:18,974 - DEBUG - GstMessageBuffering
2013-03-01 22:17:19,137 - DEBUG - GstMessageBuffering
2013-03-01 22:17:19,147 - DEBUG - GstMessageBuffering
2013-03-01 22:17:19,209 - DEBUG - GstMessageBuffering
2013-03-01 22:17:19,271 - DEBUG - GstMessageBuffering
2013-03-01 22:17:19,426 - DEBUG - GstMessageBuffering
2013-03-01 22:17:19,435 - DEBUG - GstMessageBuffering
2013-03-01 22:17:19,568 - DEBUG - GstMessageBuffering
2013-03-01 22:17:19,638 - DEBUG - GstMessageBuffering
2013-03-01 22:17:19,725 - DEBUG - GstMessageBuffering
2013-03-01 22:17:19,826 - DEBUG - GstMessageBuffering
2013-03-01 22:17:19,918 - DEBUG - GstMessageBuffering
2013-03-01 22:17:19,979 - DEBUG - GstMessageBuffering
2013-03-01 22:17:20,141 - DEBUG - GstMessageBuffering
2013-03-01 22:17:20,198 - DEBUG - GstMessageBuffering
2013-03-01 22:17:20,256 - DEBUG - GstMessageBuffering
2013-03-01 22:17:20,325 - DEBUG - GstMessageBuffering
2013-03-01 22:17:20,409 - DEBUG - GstMessageBuffering
2013-03-01 22:17:20,427 - DEBUG - GstMessageBuffering
2013-03-01 22:17:20,558 - DEBUG - GstMessageBuffering
2013-03-01 22:17:20,689 - DEBUG - GstMessageBuffering
2013-03-01 22:17:20,947 - DEBUG - GstMessageBuffering
2013-03-01 22:17:20,953 - DEBUG - GstMessageBuffering
2013-03-01 22:17:21,164 - DEBUG - GstMessageBuffering
2013-03-01 22:17:21,444 - DEBUG - GstMessageBuffering
2013-03-01 22:17:21,585 - DEBUG - GstMessageBuffering
2013-03-01 22:19:58,981 - DEBUG - taglist
2013-03-01 22:22:53,462 - DEBUG - GstMessageBuffering
2013-03-01 22:22:53,671 - DEBUG - GstMessageBuffering
2013-03-01 22:22:53,970 - DEBUG - GstMessageBuffering
2013-03-01 22:22:54,267 - DEBUG - GstMessageBuffering
2013-03-01 22:22:54,571 - DEBUG - GstMessageBuffering
2013-03-01 22:22:54,874 - DEBUG - GstMessageBuffering
2013-03-01 22:22:55,093 - DEBUG - GstMessageBuffering
2013-03-01 22:22:55,298 - DEBUG - GstMessageBuffering
2013-03-01 22:22:55,498 - DEBUG - GstMessageBuffering
2013-03-01 22:22:55,747 - DEBUG - GstMessageBuffering
2013-03-01 22:22:55,761 - DEBUG - GstMessageBuffering
2013-03-01 22:22:55,985 - DEBUG - GstMessageBuffering
2013-03-01 22:22:56,226 - DEBUG - GstMessageBuffering
2013-03-01 22:22:56,228 - DEBUG - GstMessageBuffering
2013-03-01 22:22:56,252 - DEBUG - GstMessageBuffering
2013-03-01 22:22:56,638 - DEBUG - GstMessageBuffering
2013-03-01 22:22:56,940 - DEBUG - GstMessageBuffering
2013-03-01 22:22:57,220 - DEBUG - GstMessageBuffering
2013-03-01 22:22:57,517 - DEBUG - GstMessageBuffering
2013-03-01 22:22:57,614 - DEBUG - GstMessageBuffering
2013-03-01 22:22:57,902 - DEBUG - GstMessageBuffering
2013-03-01 22:22:57,938 - DEBUG - GstMessageBuffering
2013-03-01 22:22:58,074 - DEBUG - GstMessageBuffering
2013-03-01 22:22:58,208 - DEBUG - GstMessageBuffering
2013-03-01 22:22:58,341 - DEBUG - GstMessageBuffering
2013-03-01 22:22:58,527 - DEBUG - GstMessageBuffering
2013-03-01 22:22:58,552 - DEBUG - GstMessageBuffering
2013-03-01 22:22:58,697 - DEBUG - GstMessageBuffering
2013-03-01 22:22:58,769 - DEBUG - GstMessageBuffering
2013-03-01 22:22:58,831 - DEBUG - GstMessageBuffering
2013-03-01 22:22:58,833 - DEBUG - GstMessageBuffering
2013-03-01 22:22:59,090 - DEBUG - GstMessageBuffering
2013-03-01 22:22:59,092 - DEBUG - GstMessageBuffering
2013-03-01 22:22:59,113 - DEBUG - GstMessageBuffering
2013-03-01 22:22:59,324 - DEBUG - GstMessageBuffering
2013-03-01 22:22:59,354 - DEBUG - GstMessageBuffering
2013-03-01 22:22:59,498 - DEBUG - GstMessageBuffering
2013-03-01 22:22:59,604 - DEBUG - GstMessageBuffering
2013-03-01 22:22:59,701 - DEBUG - GstMessageBuffering
2013-03-01 22:22:59,814 - DEBUG - GstMessageBuffering
2013-03-01 22:22:59,839 - DEBUG - GstMessageBuffering
2013-03-01 22:22:59,994 - DEBUG - GstMessageBuffering
2013-03-01 22:23:00,094 - DEBUG - GstMessageBuffering
2013-03-01 22:23:00,282 - DEBUG - GstMessageBuffering
2013-03-01 22:23:00,375 - DEBUG - GstMessageBuffering
2013-03-01 22:23:00,441 - DEBUG - GstMessageBuffering
2013-03-01 22:23:00,582 - DEBUG - GstMessageBuffering
2013-03-01 22:23:00,655 - DEBUG - GstMessageBuffering
2013-03-01 22:23:00,739 - DEBUG - GstMessageBuffering
2013-03-01 22:23:00,740 - DEBUG - GstMessageBuffering
2013-03-01 22:23:00,855 - DEBUG - GstMessageBuffering
2013-03-01 22:23:00,866 - DEBUG - GstMessageBuffering
2013-03-01 22:23:00,882 - DEBUG - GstMessageBuffering
2013-03-01 22:23:01,146 - DEBUG - GstMessageBuffering
2013-03-01 22:23:01,259 - DEBUG - GstMessageBuffering
2013-03-01 22:23:01,261 - DEBUG - GstMessageBuffering
2013-03-01 22:23:01,413 - DEBUG - GstMessageBuffering
2013-03-01 22:23:01,578 - DEBUG - GstMessageBuffering
2013-03-01 22:23:01,579 - DEBUG - GstMessageBuffering
2013-03-01 22:23:01,580 - DEBUG - GstMessageBuffering
2013-03-01 22:23:01,624 - DEBUG - GstMessageBuffering
2013-03-01 22:23:01,819 - DEBUG - GstMessageBuffering
2013-03-01 22:23:01,869 - DEBUG - GstMessageBuffering
2013-03-01 22:23:29,967 - DEBUG - taglist
2013-03-01 22:28:17,942 - DEBUG - taglist
2013-03-01 22:31:54,943 - DEBUG - taglist
2013-03-01 22:37:35,897 - DEBUG - taglist
2013-03-01 22:41:20,855 - DEBUG - taglist
2013-03-01 22:45:09,868 - DEBUG - taglist
2013-03-01 22:47:08,865 - DEBUG - taglist
2013-03-01 22:51:23,828 - DEBUG - taglist
2013-03-01 22:54:45,822 - DEBUG - taglist
2013-03-01 22:58:26,791 - DEBUG - taglist
2013-03-01 23:03:54,773 - DEBUG - taglist
2013-03-01 23:07:54,798 - DEBUG - taglist
2013-03-01 23:12:05,784 - DEBUG - taglist
2013-03-01 23:16:07,711 - DEBUG - taglist
2013-03-01 23:18:07,756 - DEBUG - taglist
2013-03-01 23:22:01,717 - DEBUG - taglist
2013-03-01 23:26:32,676 - DEBUG - taglist
2013-03-01 23:30:23,699 - DEBUG - taglist
2013-03-01 23:33:56,650 - DEBUG - taglist
2013-03-01 23:37:00,619 - DEBUG - taglist
2013-03-01 23:40:33,849 - DEBUG - GstMessageBuffering
2013-03-01 23:40:33,850 - DEBUG - GstMessageBuffering
2013-03-01 23:40:34,342 - DEBUG - GstMessageBuffering
2013-03-01 23:40:34,629 - DEBUG - GstMessageBuffering
2013-03-01 23:40:34,662 - DEBUG - GstMessageBuffering
2013-03-01 23:40:34,831 - DEBUG - GstMessageBuffering
2013-03-01 23:40:34,922 - DEBUG - GstMessageBuffering
2013-03-01 23:40:34,923 - DEBUG - GstMessageBuffering
2013-03-01 23:40:35,111 - DEBUG - GstMessageBuffering
2013-03-01 23:40:35,226 - DEBUG - GstMessageBuffering
2013-03-01 23:40:35,518 - DEBUG - GstMessageBuffering
2013-03-01 23:40:35,804 - DEBUG - GstMessageBuffering
2013-03-01 23:40:35,883 - DEBUG - GstMessageBuffering
2013-03-01 23:40:35,917 - DEBUG - GstMessageBuffering
2013-03-01 23:40:36,094 - DEBUG - GstMessageBuffering
2013-03-01 23:40:36,111 - DEBUG - GstMessageBuffering
2013-03-01 23:40:36,288 - DEBUG - GstMessageBuffering
2013-03-01 23:40:36,363 - DEBUG - GstMessageBuffering
2013-03-01 23:40:36,394 - DEBUG - GstMessageBuffering
2013-03-01 23:40:36,682 - DEBUG - GstMessageBuffering
2013-03-01 23:40:36,921 - DEBUG - GstMessageBuffering
2013-03-01 23:40:36,970 - DEBUG - GstMessageBuffering
2013-03-01 23:40:37,000 - DEBUG - GstMessageBuffering
2013-03-01 23:40:37,187 - DEBUG - GstMessageBuffering
2013-03-01 23:40:37,530 - DEBUG - GstMessageBuffering
2013-03-01 23:40:37,756 - DEBUG - GstMessageBuffering
2013-03-01 23:40:37,990 - DEBUG - GstMessageBuffering
2013-03-01 23:40:38,180 - DEBUG - GstMessageBuffering
2013-03-01 23:40:38,184 - DEBUG - GstMessageBuffering
2013-03-01 23:40:38,389 - DEBUG - GstMessageBuffering
2013-03-01 23:40:38,465 - DEBUG - GstMessageBuffering
2013-03-01 23:40:38,629 - DEBUG - GstMessageBuffering
2013-03-01 23:40:38,630 - DEBUG - GstMessageBuffering
2013-03-01 23:40:38,675 - DEBUG - GstMessageBuffering
2013-03-01 23:40:38,793 - DEBUG - GstMessageBuffering
2013-03-01 23:40:38,898 - DEBUG - GstMessageBuffering
2013-03-01 23:40:38,955 - DEBUG - GstMessageBuffering
2013-03-01 23:40:39,016 - DEBUG - GstMessageBuffering
2013-03-01 23:40:39,152 - DEBUG - GstMessageBuffering
2013-03-01 23:40:39,220 - DEBUG - GstMessageBuffering
2013-03-01 23:40:39,235 - DEBUG - GstMessageBuffering
2013-03-01 23:40:39,432 - DEBUG - GstMessageBuffering
2013-03-01 23:40:39,443 - DEBUG - GstMessageBuffering
2013-03-01 23:40:39,527 - DEBUG - GstMessageBuffering
2013-03-01 23:40:39,712 - DEBUG - GstMessageBuffering
2013-03-01 23:40:39,836 - DEBUG - GstMessageBuffering
2013-03-01 23:40:39,992 - DEBUG - GstMessageBuffering
2013-03-01 23:40:40,101 - DEBUG - GstMessageBuffering
2013-03-01 23:40:40,103 - DEBUG - GstMessageBuffering
2013-03-01 23:40:40,104 - DEBUG - GstMessageBuffering
2013-03-01 23:40:40,203 - DEBUG - GstMessageBuffering
2013-03-01 23:40:40,416 - DEBUG - GstMessageBuffering
2013-03-01 23:40:40,484 - DEBUG - GstMessageBuffering
2013-03-01 23:40:40,529 - DEBUG - GstMessageBuffering
2013-03-01 23:40:40,717 - DEBUG - GstMessageBuffering
2013-03-01 23:40:40,763 - DEBUG - GstMessageBuffering
2013-03-01 23:40:40,857 - DEBUG - GstMessageBuffering
2013-03-01 23:40:40,974 - DEBUG - GstMessageBuffering
2013-03-01 23:40:41,010 - DEBUG - GstMessageBuffering
2013-03-01 23:40:41,254 - DEBUG - GstMessageBuffering
2013-03-01 23:40:41,280 - DEBUG - GstMessageBuffering
2013-03-01 23:40:41,408 - DEBUG - GstMessageBuffering
2013-03-01 23:40:41,513 - DEBUG - GstMessageBuffering
2013-03-01 23:40:41,535 - DEBUG - GstMessageBuffering
2013-03-01 23:40:41,687 - DEBUG - GstMessageBuffering
2013-03-01 23:40:41,746 - DEBUG - GstMessageBuffering
2013-03-01 23:40:41,756 - DEBUG - GstMessageBuffering
2013-03-01 23:40:41,825 - DEBUG - GstMessageBuffering
2013-03-01 23:40:42,026 - DEBUG - GstMessageBuffering
2013-03-01 23:40:42,051 - DEBUG - GstMessageBuffering
2013-03-01 23:40:42,128 - DEBUG - GstMessageBuffering
2013-03-01 23:40:42,129 - DEBUG - GstMessageBuffering
2013-03-01 23:41:33,663 - DEBUG - taglist
2013-03-01 23:45:38,593 - DEBUG - taglist
2013-03-01 23:47:36,608 - DEBUG - taglist
2013-03-01 23:48:53,607 - DEBUG - taglist
2013-03-01 23:52:13,360 - DEBUG - GstMessageBuffering
2013-03-01 23:52:13,361 - DEBUG - GstMessageBuffering
2013-03-01 23:52:13,681 - DEBUG - GstMessageBuffering
2013-03-01 23:52:13,850 - DEBUG - GstMessageBuffering
2013-03-01 23:52:14,018 - DEBUG - GstMessageBuffering
2013-03-01 23:52:14,019 - DEBUG - GstMessageBuffering
2013-03-01 23:52:14,130 - DEBUG - GstMessageBuffering
2013-03-01 23:52:14,297 - DEBUG - GstMessageBuffering
2013-03-01 23:52:14,383 - DEBUG - GstMessageBuffering
2013-03-01 23:52:14,411 - DEBUG - GstMessageBuffering
2013-03-01 23:52:14,538 - DEBUG - GstMessageBuffering
2013-03-01 23:52:14,805 - DEBUG - GstMessageBuffering
2013-03-01 23:52:15,170 - DEBUG - GstMessageBuffering
2013-03-01 23:52:15,448 - DEBUG - GstMessageBuffering
2013-03-01 23:52:15,704 - DEBUG - GstMessageBuffering
2013-03-01 23:52:15,848 - DEBUG - GstMessageBuffering
2013-03-01 23:52:15,871 - DEBUG - GstMessageBuffering
2013-03-01 23:52:16,015 - DEBUG - GstMessageBuffering
2013-03-01 23:52:16,151 - DEBUG - GstMessageBuffering
2013-03-01 23:52:16,291 - DEBUG - GstMessageBuffering
2013-03-01 23:52:16,293 - DEBUG - GstMessageBuffering
2013-03-01 23:52:16,431 - DEBUG - GstMessageBuffering
2013-03-01 23:52:16,568 - DEBUG - GstMessageBuffering
2013-03-01 23:52:16,674 - DEBUG - GstMessageBuffering
2013-03-01 23:52:16,711 - DEBUG - GstMessageBuffering
2013-03-01 23:52:16,866 - DEBUG - GstMessageBuffering
2013-03-01 23:52:17,151 - DEBUG - GstMessageBuffering
2013-03-01 23:52:17,203 - DEBUG - GstMessageBuffering
2013-03-01 23:52:17,414 - DEBUG - GstMessageBuffering
2013-03-01 23:52:17,431 - DEBUG - GstMessageBuffering
2013-03-01 23:52:17,714 - DEBUG - GstMessageBuffering
2013-03-01 23:52:17,769 - DEBUG - GstMessageBuffering
2013-03-01 23:52:17,974 - DEBUG - GstMessageBuffering
2013-03-01 23:52:17,995 - DEBUG - GstMessageBuffering
2013-03-01 23:52:18,048 - DEBUG - GstMessageBuffering
2013-03-01 23:52:18,254 - DEBUG - GstMessageBuffering
2013-03-01 23:52:18,278 - DEBUG - GstMessageBuffering
2013-03-01 23:52:18,330 - DEBUG - GstMessageBuffering
2013-03-01 23:52:18,465 - DEBUG - GstMessageBuffering
2013-03-01 23:52:18,611 - DEBUG - GstMessageBuffering
2013-03-01 23:52:18,731 - DEBUG - GstMessageBuffering
2013-03-01 23:52:18,892 - DEBUG - GstMessageBuffering
2013-03-01 23:52:19,011 - DEBUG - GstMessageBuffering
2013-03-01 23:52:19,058 - DEBUG - GstMessageBuffering
2013-03-01 23:52:19,174 - DEBUG - GstMessageBuffering
2013-03-01 23:52:19,222 - DEBUG - GstMessageBuffering
2013-03-01 23:52:19,294 - DEBUG - GstMessageBuffering
2013-03-01 23:52:19,405 - DEBUG - GstMessageBuffering
2013-03-01 23:52:19,503 - DEBUG - GstMessageBuffering
2013-03-01 23:52:19,714 - DEBUG - GstMessageBuffering
2013-03-01 23:52:19,753 - DEBUG - GstMessageBuffering
2013-03-01 23:52:19,757 - DEBUG - GstMessageBuffering
2013-03-01 23:52:19,994 - DEBUG - GstMessageBuffering
2013-03-01 23:52:20,044 - DEBUG - GstMessageBuffering
2013-03-01 23:52:20,046 - DEBUG - GstMessageBuffering
2013-03-01 23:52:20,267 - DEBUG - GstMessageBuffering
2013-03-01 23:52:20,274 - DEBUG - GstMessageBuffering
2013-03-01 23:52:20,334 - DEBUG - GstMessageBuffering
2013-03-01 23:52:20,485 - DEBUG - GstMessageBuffering
2013-03-01 23:52:20,506 - DEBUG - GstMessageBuffering
2013-03-01 23:52:20,543 - DEBUG - GstMessageBuffering
2013-03-01 23:52:20,762 - DEBUG - GstMessageBuffering
2013-03-01 23:52:20,765 - DEBUG - GstMessageBuffering
2013-03-01 23:52:20,919 - DEBUG - GstMessageBuffering
2013-03-01 23:52:21,045 - DEBUG - GstMessageBuffering
2013-03-01 23:52:21,088 - DEBUG - GstMessageBuffering
2013-03-01 23:52:21,257 - DEBUG - GstMessageBuffering
2013-03-01 23:52:21,347 - DEBUG - GstMessageBuffering
2013-03-01 23:52:21,456 - DEBUG - GstMessageBuffering
2013-03-01 23:52:21,458 - DEBUG - GstMessageBuffering
2013-03-01 23:52:21,459 - DEBUG - GstMessageBuffering
2013-03-01 23:52:21,523 - DEBUG - GstMessageBuffering
2013-03-01 23:52:21,759 - DEBUG - GstMessageBuffering
2013-03-01 23:52:21,804 - DEBUG - GstMessageBuffering
2013-03-01 23:52:21,883 - DEBUG - GstMessageBuffering
2013-03-01 23:52:21,975 - DEBUG - GstMessageBuffering
2013-03-01 23:52:22,083 - DEBUG - GstMessageBuffering
2013-03-01 23:52:22,136 - DEBUG - GstMessageBuffering
2013-03-01 23:52:22,208 - DEBUG - GstMessageBuffering
2013-03-01 23:52:40,585 - DEBUG - taglist
2013-03-01 23:57:28,561 - DEBUG - taglist
2013-03-02 00:00:30,600 - DEBUG - taglist
2013-03-02 00:01:32,085 - DEBUG - GstMessageBuffering
2013-03-02 00:01:32,291 - DEBUG - GstMessageBuffering
2013-03-02 00:01:32,503 - DEBUG - GstMessageBuffering
2013-03-02 00:01:32,786 - DEBUG - GstMessageBuffering
2013-03-02 00:01:32,856 - DEBUG - GstMessageBuffering
2013-03-02 00:01:33,081 - DEBUG - GstMessageBuffering
2013-03-02 00:01:33,136 - DEBUG - GstMessageBuffering
2013-03-02 00:01:33,311 - DEBUG - GstMessageBuffering
2013-03-02 00:01:33,357 - DEBUG - GstMessageBuffering
2013-03-02 00:01:33,417 - DEBUG - GstMessageBuffering
2013-03-02 00:01:33,565 - DEBUG - GstMessageBuffering
2013-03-02 00:01:33,969 - DEBUG - GstMessageBuffering
2013-03-02 00:01:34,247 - DEBUG - GstMessageBuffering
2013-03-02 00:01:34,537 - DEBUG - GstMessageBuffering
2013-03-02 00:01:34,664 - DEBUG - GstMessageBuffering
2013-03-02 00:01:34,685 - DEBUG - GstMessageBuffering
2013-03-02 00:01:34,809 - DEBUG - GstMessageBuffering
2013-03-02 00:01:35,091 - DEBUG - GstMessageBuffering
2013-03-02 00:01:35,387 - DEBUG - GstMessageBuffering
2013-03-02 00:01:35,435 - DEBUG - GstMessageBuffering
2013-03-02 00:01:35,438 - DEBUG - GstMessageBuffering
2013-03-02 00:01:35,667 - DEBUG - GstMessageBuffering
2013-03-02 00:01:35,715 - DEBUG - GstMessageBuffering
2013-03-02 00:01:35,944 - DEBUG - GstMessageBuffering
2013-03-02 00:01:36,104 - DEBUG - GstMessageBuffering
2013-03-02 00:01:36,207 - DEBUG - GstMessageBuffering
2013-03-02 00:01:36,224 - DEBUG - GstMessageBuffering
2013-03-02 00:01:36,263 - DEBUG - GstMessageBuffering
2013-03-02 00:01:36,486 - DEBUG - GstMessageBuffering
2013-03-02 00:01:36,514 - DEBUG - GstMessageBuffering
2013-03-02 00:01:36,790 - DEBUG - GstMessageBuffering
2013-03-02 00:01:36,964 - DEBUG - GstMessageBuffering
2013-03-02 00:01:36,994 - DEBUG - GstMessageBuffering
2013-03-02 00:01:37,244 - DEBUG - GstMessageBuffering
2013-03-02 00:01:37,272 - DEBUG - GstMessageBuffering
2013-03-02 00:01:37,341 - DEBUG - GstMessageBuffering
2013-03-02 00:01:37,524 - DEBUG - GstMessageBuffering
2013-03-02 00:01:37,534 - DEBUG - GstMessageBuffering
2013-03-02 00:01:37,705 - DEBUG - GstMessageBuffering
2013-03-02 00:01:37,736 - DEBUG - GstMessageBuffering
2013-03-02 00:01:37,772 - DEBUG - GstMessageBuffering
2013-03-02 00:01:37,773 - DEBUG - GstMessageBuffering
2013-03-02 00:01:37,999 - DEBUG - GstMessageBuffering
2013-03-02 00:01:38,015 - DEBUG - GstMessageBuffering
2013-03-02 00:01:38,186 - DEBUG - GstMessageBuffering
2013-03-02 00:01:38,227 - DEBUG - GstMessageBuffering
2013-03-02 00:01:38,353 - DEBUG - GstMessageBuffering
2013-03-02 00:01:38,476 - DEBUG - GstMessageBuffering
2013-03-02 00:01:38,506 - DEBUG - GstMessageBuffering
2013-03-02 00:01:38,661 - DEBUG - GstMessageBuffering
2013-03-02 00:01:38,783 - DEBUG - GstMessageBuffering
2013-03-02 00:01:38,786 - DEBUG - GstMessageBuffering
2013-03-02 00:01:39,041 - DEBUG - GstMessageBuffering
2013-03-02 00:01:39,067 - DEBUG - GstMessageBuffering
2013-03-02 00:01:39,183 - DEBUG - GstMessageBuffering
2013-03-02 00:01:39,277 - DEBUG - GstMessageBuffering
2013-03-02 00:01:39,318 - DEBUG - GstMessageBuffering
2013-03-02 00:01:39,434 - DEBUG - GstMessageBuffering
2013-03-02 00:01:39,558 - DEBUG - GstMessageBuffering
2013-03-02 00:01:39,599 - DEBUG - GstMessageBuffering
2013-03-02 00:01:39,755 - DEBUG - GstMessageBuffering
2013-03-02 00:01:39,763 - DEBUG - GstMessageBuffering
2013-03-02 00:01:39,764 - DEBUG - GstMessageBuffering
2013-03-02 00:01:39,877 - DEBUG - GstMessageBuffering
2013-03-02 00:01:40,035 - DEBUG - GstMessageBuffering
2013-03-02 00:01:40,154 - DEBUG - GstMessageBuffering
2013-03-02 00:01:40,259 - DEBUG - GstMessageBuffering
2013-03-02 00:01:40,317 - DEBUG - GstMessageBuffering
2013-03-02 00:01:40,434 - DEBUG - GstMessageBuffering
2013-03-02 00:01:40,527 - DEBUG - GstMessageBuffering
2013-03-02 00:01:40,632 - DEBUG - GstMessageBuffering
2013-03-02 00:01:40,633 - DEBUG - GstMessageBuffering
2013-03-02 00:01:40,713 - DEBUG - GstMessageBuffering
2013-03-02 00:01:40,807 - DEBUG - GstMessageBuffering
2013-03-02 00:01:40,878 - DEBUG - GstMessageBuffering
2013-03-02 00:01:40,992 - DEBUG - GstMessageBuffering
2013-03-02 00:04:05,570 - DEBUG - taglist
2013-03-02 00:06:39,129 - DEBUG - GstMessageBuffering
2013-03-02 00:06:39,131 - DEBUG - GstMessageBuffering
2013-03-02 00:06:39,367 - DEBUG - GstMessageBuffering
2013-03-02 00:06:39,620 - DEBUG - GstMessageBuffering
2013-03-02 00:06:39,699 - DEBUG - GstMessageBuffering
2013-03-02 00:06:40,067 - DEBUG - GstMessageBuffering
2013-03-02 00:06:40,097 - DEBUG - GstMessageBuffering
2013-03-02 00:06:40,207 - DEBUG - GstMessageBuffering
2013-03-02 00:06:40,519 - DEBUG - GstMessageBuffering
2013-03-02 00:06:40,868 - DEBUG - GstMessageBuffering
2013-03-02 00:06:40,920 - DEBUG - GstMessageBuffering
2013-03-02 00:06:41,047 - DEBUG - GstMessageBuffering
2013-03-02 00:06:41,148 - DEBUG - GstMessageBuffering
2013-03-02 00:06:41,178 - DEBUG - GstMessageBuffering
2013-03-02 00:06:41,428 - DEBUG - GstMessageBuffering
2013-03-02 00:06:41,492 - DEBUG - GstMessageBuffering
2013-03-02 00:06:41,807 - DEBUG - GstMessageBuffering
2013-03-02 00:06:41,919 - DEBUG - GstMessageBuffering
2013-03-02 00:06:41,949 - DEBUG - GstMessageBuffering
2013-03-02 00:06:42,103 - DEBUG - GstMessageBuffering
2013-03-02 00:06:42,131 - DEBUG - GstMessageBuffering
2013-03-02 00:06:42,237 - DEBUG - GstMessageBuffering
2013-03-02 00:06:42,319 - DEBUG - GstMessageBuffering
2013-03-02 00:06:42,390 - DEBUG - GstMessageBuffering
2013-03-02 00:06:42,411 - DEBUG - GstMessageBuffering
2013-03-02 00:06:42,600 - DEBUG - GstMessageBuffering
2013-03-02 00:06:42,670 - DEBUG - GstMessageBuffering
2013-03-02 00:06:42,693 - DEBUG - GstMessageBuffering
2013-03-02 00:06:42,879 - DEBUG - GstMessageBuffering
2013-03-02 00:06:42,957 - DEBUG - GstMessageBuffering
2013-03-02 00:06:43,146 - DEBUG - GstMessageBuffering
2013-03-02 00:06:43,168 - DEBUG - GstMessageBuffering
2013-03-02 00:06:43,382 - DEBUG - GstMessageBuffering
2013-03-02 00:06:43,448 - DEBUG - GstMessageBuffering
2013-03-02 00:06:43,535 - DEBUG - GstMessageBuffering
2013-03-02 00:06:43,662 - DEBUG - GstMessageBuffering
2013-03-02 00:06:44,166 - DEBUG - GstMessageBuffering
2013-03-02 00:06:44,220 - DEBUG - GstMessageBuffering
2013-03-02 00:06:44,325 - DEBUG - GstMessageBuffering
2013-03-02 00:06:44,420 - DEBUG - GstMessageBuffering
2013-03-02 00:06:44,431 - DEBUG - GstMessageBuffering
2013-03-02 00:06:44,452 - DEBUG - GstMessageBuffering
2013-03-02 00:06:44,711 - DEBUG - GstMessageBuffering
2013-03-02 00:06:44,764 - DEBUG - GstMessageBuffering
2013-03-02 00:06:44,892 - DEBUG - GstMessageBuffering
2013-03-02 00:06:44,980 - DEBUG - GstMessageBuffering
2013-03-02 00:06:44,991 - DEBUG - GstMessageBuffering
2013-03-02 00:06:45,272 - DEBUG - GstMessageBuffering
2013-03-02 00:06:45,274 - DEBUG - GstMessageBuffering
2013-03-02 00:06:45,350 - DEBUG - GstMessageBuffering
2013-03-02 00:06:45,483 - DEBUG - GstMessageBuffering
2013-03-02 00:06:45,540 - DEBUG - GstMessageBuffering
2013-03-02 00:06:45,762 - DEBUG - GstMessageBuffering
2013-03-02 00:06:46,028 - DEBUG - GstMessageBuffering
2013-03-02 00:06:46,217 - DEBUG - GstMessageBuffering
2013-03-02 00:06:46,218 - DEBUG - GstMessageBuffering
2013-03-02 00:06:46,219 - DEBUG - GstMessageBuffering
2013-03-02 00:06:46,240 - DEBUG - GstMessageBuffering
2013-03-02 00:06:46,355 - DEBUG - GstMessageBuffering
2013-03-02 00:06:46,460 - DEBUG - GstMessageBuffering
2013-03-02 00:06:46,498 - DEBUG - GstMessageBuffering
2013-03-02 00:06:46,520 - DEBUG - GstMessageBuffering
2013-03-02 00:06:46,742 - DEBUG - GstMessageBuffering
2013-03-02 00:06:46,743 - DEBUG - GstMessageBuffering
2013-03-02 00:06:46,800 - DEBUG - GstMessageBuffering
2013-03-02 00:06:46,986 - DEBUG - GstMessageBuffering
2013-03-02 00:06:47,011 - DEBUG - GstMessageBuffering
2013-03-02 00:06:47,041 - DEBUG - GstMessageBuffering
2013-03-02 00:06:47,043 - DEBUG - GstMessageBuffering
2013-03-02 00:06:47,267 - DEBUG - GstMessageBuffering
2013-03-02 00:06:47,292 - DEBUG - GstMessageBuffering
2013-03-02 00:06:47,389 - DEBUG - GstMessageBuffering
2013-03-02 00:06:47,505 - DEBUG - GstMessageBuffering
2013-03-02 00:06:47,554 - DEBUG - GstMessageBuffering
2013-03-02 00:06:47,555 - DEBUG - GstMessageBuffering
2013-03-02 00:06:47,571 - DEBUG - GstMessageBuffering
2013-03-02 00:06:47,781 - DEBUG - GstMessageBuffering
2013-03-02 00:08:05,538 - DEBUG - taglist
