19:35:01 Starting EasyTAG 2.1.7 (PId: 3246) ...
19:35:01 Currently using libid3tag version 0.15.1 (beta) ...
19:35:01 Currently using id3lib version 3.8.3 ...
19:35:01 Currently using locale 'es_AR.UTF-8' (and eventually 'ISO-8859-1')...
19:35:02 Automatic corrections applied for file '/media/hdd/home/deimos/.mldonkey/incoming/files/U2/U2 - City of blinding lights.mp3'.
19:35:02 Automatic corrections applied for file '/media/hdd/home/deimos/.mldonkey/incoming/files/U2/U2 - With Or Without You.mp3'.
19:35:02 Automatic corrections applied for file '/media/hdd/home/deimos/.mldonkey/incoming/files/U2/U2 - Desire.mp3'.
19:35:12 Cargando máscaras de «Rellenar etiqueta» predefinidas...
19:35:13 Error al procesar: no se puede encontrar el separador «(» entre «U2 - Beautiful Day»
19:35:13 Error al procesar: no se puede encontrar el separador «) » entre «U2 - Beautiful Day»
19:35:13 Error al procesar: no se puede encontrar el separador « - » entre «U2 - Beautiful Day»
19:35:22 Error al procesar: no se puede encontrar el separador « - » entre «U2»
19:35:26 Error al procesar: no se puede encontrar el separador « - » entre «U2»
19:35:26 Error al procesar: no se puede encontrar el separador «b» entre «U2»
19:35:26 Error al procesar: no se puede encontrar el separador « - » entre «U2»
19:35:27 Error al procesar: no se puede encontrar el separador « - » entre «U2 - Beautiful Day»
19:35:27 Error al procesar: no se puede encontrar el separador «n - » entre «U2 - Beautiful Day»
19:35:27 Error al procesar: no se puede encontrar el separador « - » entre «U2 - Beautiful Day»
19:35:27 Error al procesar: no se puede encontrar el separador «- » entre «U2 - Beautiful Day»
19:35:31 Tag successfully scanned...(U2 - Beautiful Day.mp3)
19:35:31 Tag successfully scanned...(U2 - City of blinding lights.mp3)
19:35:31 Tag successfully scanned...(U2 - Desire.mp3)
19:35:31 Tag successfully scanned...(U2 - Elevation.mp3)
19:35:31 Tag successfully scanned...(U2 - I Still Haven't Found What I'm Looking For.mp3)
19:35:31 Tag successfully scanned...(U2 - Mysterious ways.mp3)
19:35:31 Tag successfully scanned...(U2 - New years day.mp3)
19:35:31 Tag successfully scanned...(U2 - One.mp3)
19:35:32 Tag successfully scanned...(U2 - Pride (In the Name of Love).mp3)
19:35:32 Tag successfully scanned...(U2 - Stuck In A Moment You Can't Get Out Of.mp3)
19:35:32 Tag successfully scanned...(U2 - Sunday bloody sunday.mp3)
19:35:32 Tag successfully scanned...(U2 - Vertigo.mp3)
19:35:32 Tag successfully scanned...(U2 - Where the streets Have no name.mp3)
19:35:32 Tag successfully scanned...(U2 - With Or Without You.mp3)
19:35:41 Actualizada la etiqueta de «U2 - Beautiful Day.mp3»
19:35:41 Actualizada la etiqueta de «U2 - City of blinding lights.mp3»
19:35:41 Actualizada la etiqueta de «U2 - Desire.mp3»
19:35:41 Actualizada la etiqueta de «U2 - Mysterious ways.mp3»
19:35:41 Actualizada la etiqueta de «U2 - New years day.mp3»
19:35:41 Actualizada la etiqueta de «U2 - One.mp3»
19:35:41 Actualizada la etiqueta de «U2 - Sunday bloody sunday.mp3»
19:35:41 Actualizada la etiqueta de «U2 - Where the streets Have no name.mp3»
19:35:41 Actualizada la etiqueta de «U2 - With Or Without You.mp3»
19:35:47 EasyTAG: Terminación normal.
